{"/home/travis/build/npmtest/node-npmtest-shrinkwrap/test.js":{"path":"/home/travis/build/npmtest/node-npmtest-shrinkwrap/test.js","s":{"1":2,"2":2,"3":2,"4":2,"5":2,"6":2,"7":2,"8":1,"9":2,"10":2,"11":1,"12":1,"13":1,"14":1,"15":2,"16":2,"17":2,"18":2,"19":1,"20":1,"21":2,"22":2,"23":2,"24":1,"25":1,"26":1,"27":1,"28":1,"29":1,"30":1,"31":1,"32":1,"33":1,"34":1,"35":1,"36":1,"37":1,"38":1,"39":2,"40":2,"41":1,"42":2,"43":2,"44":1,"45":2,"46":2,"47":1,"48":2,"49":2,"50":1,"51":1,"52":1,"53":1,"54":1},"b":{"1":[2,1,1,1],"2":[1,1,1,1],"3":[1,1],"4":[1,1],"5":[1,1],"6":[1,1],"7":[1,1],"8":[1,1],"9":[1,1],"10":[1,1,1],"11":[1,1],"12":[1,1],"13":[1,1],"14":[1,1],"15":[1,1],"16":[1,1],"17":[1,1]},"f":{"1":2,"2":2,"3":2,"4":2,"5":2,"6":1,"7":1,"8":1,"9":2,"10":2,"11":2,"12":2,"13":1},"fnMap":{"1":{"name":"(anonymous_1)","line":12,"loc":{"start":{"line":12,"column":1},"end":{"line":12,"column":13}}},"2":{"name":"(anonymous_2)","line":19,"loc":{"start":{"line":19,"column":5},"end":{"line":19,"column":17}}},"3":{"name":"(anonymous_3)","line":23,"loc":{"start":{"line":23,"column":24},"end":{"line":23,"column":36}}},"4":{"name":"(anonymous_4)","line":61,"loc":{"start":{"line":61,"column":5},"end":{"line":61,"column":17}}},"5":{"name":"(anonymous_5)","line":82,"loc":{"start":{"line":82,"column":5},"end":{"line":82,"column":17}}},"6":{"name":"(anonymous_6)","line":91,"loc":{"start":{"line":91,"column":77},"end":{"line":94,"column":10}}},"7":{"name":"(anonymous_7)","line":112,"loc":{"start":{"line":112,"column":83},"end":{"line":115,"column":10}},"skip":true},"8":{"name":"(anonymous_8)","line":123,"loc":{"start":{"line":123,"column":77},"end":{"line":126,"column":10}},"skip":true},"9":{"name":"(anonymous_9)","line":139,"loc":{"start":{"line":139,"column":12},"end":{"line":139,"column":40}},"skip":true},"10":{"name":"(anonymous_10)","line":147,"loc":{"start":{"line":147,"column":77},"end":{"line":150,"column":10}},"skip":true},"11":{"name":"(anonymous_11)","line":158,"loc":{"start":{"line":158,"column":83},"end":{"line":161,"column":10}},"skip":true},"12":{"name":"(anonymous_12)","line":169,"loc":{"start":{"line":169,"column":79},"end":{"line":172,"column":10}},"skip":true},"13":{"name":"(anonymous_13)","line":180,"loc":{"start":{"line":180,"column":75},"end":{"line":183,"column":10}},"skip":true}},"statementMap":{"1":{"start":{"line":12,"column":0},"end":{"line":195,"column":5}},"2":{"start":{"line":14,"column":4},"end":{"line":14,"column":14}},"3":{"start":{"line":19,"column":4},"end":{"line":56,"column":9}},"4":{"start":{"line":21,"column":8},"end":{"line":21,"column":19}},"5":{"start":{"line":23,"column":8},"end":{"line":35,"column":13}},"6":{"start":{"line":24,"column":12},"end":{"line":34,"column":13}},"7":{"start":{"line":25,"column":16},"end":{"line":28,"column":30}},"8":{"start":{"line":30,"column":16},"end":{"line":33,"column":27}},"9":{"start":{"line":37,"column":8},"end":{"line":39,"column":21}},"10":{"start":{"line":40,"column":8},"end":{"line":53,"column":9}},"11":{"start":{"line":43,"column":12},"end":{"line":46,"column":14}},"12":{"start":{"line":47,"column":12},"end":{"line":47,"column":18}},"13":{"start":{"line":50,"column":12},"end":{"line":51,"column":33}},"14":{"start":{"line":52,"column":12},"end":{"line":52,"column":18}},"15":{"start":{"line":55,"column":8},"end":{"line":55,"column":35}},"16":{"start":{"line":61,"column":4},"end":{"line":63,"column":9}},"17":{"start":{"line":62,"column":8},"end":{"line":62,"column":15}},"18":{"start":{"line":64,"column":4},"end":{"line":77,"column":5}},"19":{"start":{"line":70,"column":8},"end":{"line":70,"column":14}},"20":{"start":{"line":76,"column":8},"end":{"line":76,"column":14}},"21":{"start":{"line":82,"column":4},"end":{"line":84,"column":9}},"22":{"start":{"line":83,"column":8},"end":{"line":83,"column":15}},"23":{"start":{"line":85,"column":4},"end":{"line":194,"column":5}},"24":{"start":{"line":91,"column":8},"end":{"line":99,"column":10}},"25":{"start":{"line":98,"column":12},"end":{"line":98,"column":35}},"26":{"start":{"line":102,"column":8},"end":{"line":104,"column":63}},"27":{"start":{"line":105,"column":8},"end":{"line":105,"column":14}},"28":{"start":{"line":112,"column":8},"end":{"line":121,"column":10},"skip":true},"29":{"start":{"line":119,"column":12},"end":{"line":119,"column":55},"skip":true},"30":{"start":{"line":120,"column":12},"end":{"line":120,"column":48},"skip":true},"31":{"start":{"line":123,"column":8},"end":{"line":136,"column":10},"skip":true},"32":{"start":{"line":130,"column":12},"end":{"line":130,"column":76},"skip":true},"33":{"start":{"line":131,"column":12},"end":{"line":131,"column":73},"skip":true},"34":{"start":{"line":132,"column":12},"end":{"line":132,"column":74},"skip":true},"35":{"start":{"line":133,"column":12},"end":{"line":133,"column":79},"skip":true},"36":{"start":{"line":134,"column":12},"end":{"line":134,"column":25},"skip":true},"37":{"start":{"line":135,"column":12},"end":{"line":135,"column":45},"skip":true},"38":{"start":{"line":138,"column":8},"end":{"line":145,"column":14},"skip":true},"39":{"start":{"line":143,"column":16},"end":{"line":143,"column":29},"skip":true},"40":{"start":{"line":144,"column":16},"end":{"line":144,"column":55},"skip":true},"41":{"start":{"line":147,"column":8},"end":{"line":156,"column":10},"skip":true},"42":{"start":{"line":154,"column":12},"end":{"line":154,"column":25},"skip":true},"43":{"start":{"line":155,"column":12},"end":{"line":155,"column":45},"skip":true},"44":{"start":{"line":158,"column":8},"end":{"line":167,"column":10},"skip":true},"45":{"start":{"line":165,"column":12},"end":{"line":165,"column":25},"skip":true},"46":{"start":{"line":166,"column":12},"end":{"line":166,"column":48},"skip":true},"47":{"start":{"line":169,"column":8},"end":{"line":178,"column":10},"skip":true},"48":{"start":{"line":176,"column":12},"end":{"line":176,"column":25},"skip":true},"49":{"start":{"line":177,"column":12},"end":{"line":177,"column":46},"skip":true},"50":{"start":{"line":180,"column":8},"end":{"line":189,"column":10},"skip":true},"51":{"start":{"line":187,"column":12},"end":{"line":187,"column":94},"skip":true},"52":{"start":{"line":188,"column":12},"end":{"line":188,"column":48},"skip":true},"53":{"start":{"line":192,"column":8},"end":{"line":192,"column":35},"skip":true},"54":{"start":{"line":193,"column":8},"end":{"line":193,"column":14},"skip":true}},"branchMap":{"1":{"line":25,"type":"binary-expr","locations":[{"start":{"line":25,"column":23},"end":{"line":25,"column":62}},{"start":{"line":26,"column":20},"end":{"line":26,"column":70}},{"start":{"line":27,"column":20},"end":{"line":27,"column":71}},{"start":{"line":28,"column":20},"end":{"line":28,"column":29}}]},"2":{"line":30,"type":"binary-expr","locations":[{"start":{"line":30,"column":23},"end":{"line":30,"column":37}},{"start":{"line":31,"column":20},"end":{"line":31,"column":61}},{"start":{"line":32,"column":20},"end":{"line":32,"column":70}},{"start":{"line":33,"column":20},"end":{"line":33,"column":26}}]},"3":{"line":37,"type":"cond-expr","locations":[{"start":{"line":38,"column":14},"end":{"line":38,"column":20}},{"start":{"line":39,"column":14},"end":{"line":39,"column":20}}]},"4":{"line":40,"type":"switch","locations":[{"start":{"line":42,"column":8},"end":{"line":47,"column":18}},{"start":{"line":49,"column":8},"end":{"line":52,"column":18}}]},"5":{"line":44,"type":"binary-expr","locations":[{"start":{"line":44,"column":16},"end":{"line":44,"column":44}},{"start":{"line":44,"column":48},"end":{"line":44,"column":66}}]},"6":{"line":50,"type":"binary-expr","locations":[{"start":{"line":50,"column":21},"end":{"line":50,"column":49}},{"start":{"line":50,"column":53},"end":{"line":50,"column":72}}]},"7":{"line":64,"type":"switch","locations":[{"start":{"line":69,"column":4},"end":{"line":70,"column":14}},{"start":{"line":75,"column":4},"end":{"line":76,"column":14}}]},"8":{"line":85,"type":"switch","locations":[{"start":{"line":90,"column":4},"end":{"line":105,"column":14}},{"start":{"line":111,"column":4},"end":{"line":193,"column":14},"skip":true}]},"9":{"line":91,"type":"binary-expr","locations":[{"start":{"line":91,"column":42},"end":{"line":91,"column":73}},{"start":{"line":91,"column":77},"end":{"line":99,"column":9}}]},"10":{"line":102,"type":"binary-expr","locations":[{"start":{"line":102,"column":18},"end":{"line":102,"column":32}},{"start":{"line":103,"column":12},"end":{"line":103,"column":53}},{"start":{"line":104,"column":12},"end":{"line":104,"column":61}}]},"11":{"line":112,"type":"binary-expr","locations":[{"start":{"line":112,"column":45},"end":{"line":112,"column":79},"skip":true},{"start":{"line":112,"column":83},"end":{"line":121,"column":9},"skip":true}]},"12":{"line":123,"type":"binary-expr","locations":[{"start":{"line":123,"column":42},"end":{"line":123,"column":73},"skip":true},{"start":{"line":123,"column":77},"end":{"line":136,"column":9},"skip":true}]},"13":{"line":138,"type":"binary-expr","locations":[{"start":{"line":138,"column":48},"end":{"line":138,"column":85},"skip":true},{"start":{"line":139,"column":12},"end":{"line":145,"column":13},"skip":true}]},"14":{"line":147,"type":"binary-expr","locations":[{"start":{"line":147,"column":42},"end":{"line":147,"column":73},"skip":true},{"start":{"line":147,"column":77},"end":{"line":156,"column":9},"skip":true}]},"15":{"line":158,"type":"binary-expr","locations":[{"start":{"line":158,"column":45},"end":{"line":158,"column":79},"skip":true},{"start":{"line":158,"column":83},"end":{"line":167,"column":9},"skip":true}]},"16":{"line":169,"type":"binary-expr","locations":[{"start":{"line":169,"column":43},"end":{"line":169,"column":75},"skip":true},{"start":{"line":169,"column":79},"end":{"line":178,"column":9},"skip":true}]},"17":{"line":180,"type":"binary-expr","locations":[{"start":{"line":180,"column":41},"end":{"line":180,"column":71},"skip":true},{"start":{"line":180,"column":75},"end":{"line":189,"column":9},"skip":true}]}},"code":["/* istanbul instrument in package npmtest_shrinkwrap */","/*jslint","    bitwise: true,","    browser: true,","    maxerr: 8,","    maxlen: 96,","    node: true,","    nomen: true,","    regexp: true,","    stupid: true","*/","(function () {","    'use strict';","    var local;","","","","    // run shared js-env code - pre-init","    (function () {","        // init local","        local = {};","        // init modeJs","        local.modeJs = (function () {","            try {","                return typeof navigator.userAgent === 'string' &&","                    typeof document.querySelector('body') === 'object' &&","                    typeof XMLHttpRequest.prototype.open === 'function' &&","                    'browser';","            } catch (errorCaughtBrowser) {","                return module.exports &&","                    typeof process.versions.node === 'string' &&","                    typeof require('http').createServer === 'function' &&","                    'node';","            }","        }());","        // init global","        local.global = local.modeJs === 'browser'","            ? window","            : global;","        switch (local.modeJs) {","        // re-init local from window.local","        case 'browser':","            local = local.global.utility2.objectSetDefault(","                local.global.utility2_rollup || local.global.local,","                local.global.utility2","            );","            break;","        // re-init local from example.js","        case 'node':","            local = (local.global.utility2_rollup || require('utility2'))","                .requireReadme();","            break;","        }","        // export local","        local.global.local = local;","    }());","","","","    // run shared js-env code - function","    (function () {","        return;","    }());","    switch (local.modeJs) {","","","","    // run browser js-env code - function","    case 'browser':","        break;","","","","    // run node js-env code - function","    case 'node':","        break;","    }","","","","    // run shared js-env code - post-init","    (function () {","        return;","    }());","    switch (local.modeJs) {","","","","    // run browser js-env code - post-init","    case 'browser':","        local.testCase_browser_nullCase = local.testCase_browser_nullCase || function (","            options,","            onError","        ) {","        /*","         * this function will test browsers's null-case handling-behavior-behavior","         */","            onError(null, options);","        };","","        // run tests","        local.nop(local.modeTest &&","            document.querySelector('#testRunButton1') &&","            document.querySelector('#testRunButton1').click());","        break;","","","","    // run node js-env code - post-init","    /* istanbul ignore next */","    case 'node':","        local.testCase_buildApidoc_default = local.testCase_buildApidoc_default || function (","            options,","            onError","        ) {","        /*","         * this function will test buildApidoc's default handling-behavior-behavior","         */","            options = { modulePathList: module.paths };","            local.buildApidoc(options, onError);","        };","","        local.testCase_buildApp_default = local.testCase_buildApp_default || function (","            options,","            onError","        ) {","        /*","         * this function will test buildApp's default handling-behavior-behavior","         */","            local.testCase_buildReadme_default(options, local.onErrorThrow);","            local.testCase_buildLib_default(options, local.onErrorThrow);","            local.testCase_buildTest_default(options, local.onErrorThrow);","            local.testCase_buildCustomOrg_default(options, local.onErrorThrow);","            options = [];","            local.buildApp(options, onError);","        };","","        local.testCase_buildCustomOrg_default = local.testCase_buildCustomOrg_default ||","            function (options, onError) {","            /*","             * this function will test buildCustomOrg's default handling-behavior","             */","                options = {};","                local.buildCustomOrg(options, onError);","            };","","        local.testCase_buildLib_default = local.testCase_buildLib_default || function (","            options,","            onError","        ) {","        /*","         * this function will test buildLib's default handling-behavior","         */","            options = {};","            local.buildLib(options, onError);","        };","","        local.testCase_buildReadme_default = local.testCase_buildReadme_default || function (","            options,","            onError","        ) {","        /*","         * this function will test buildReadme's default handling-behavior-behavior","         */","            options = {};","            local.buildReadme(options, onError);","        };","","        local.testCase_buildTest_default = local.testCase_buildTest_default || function (","            options,","            onError","        ) {","        /*","         * this function will test buildTest's default handling-behavior","         */","            options = {};","            local.buildTest(options, onError);","        };","","        local.testCase_webpage_default = local.testCase_webpage_default || function (","            options,","            onError","        ) {","        /*","         * this function will test webpage's default handling-behavior","         */","            options = { modeCoverageMerge: true, url: local.serverLocalHost + '?modeTest=1' };","            local.browserTest(options, onError);","        };","","        // run test-server","        local.testRunServer(local);","        break;","    }","}());",""],"l":{"12":2,"14":2,"19":2,"21":2,"23":2,"24":2,"25":2,"30":1,"37":2,"40":2,"43":1,"47":1,"50":1,"52":1,"55":2,"61":2,"62":2,"64":2,"70":1,"76":1,"82":2,"83":2,"85":2,"91":1,"98":1,"102":1,"105":1,"112":1,"119":1,"120":1,"123":1,"130":1,"131":1,"132":1,"133":1,"134":1,"135":1,"138":1,"143":2,"144":2,"147":1,"154":2,"155":2,"158":1,"165":2,"166":2,"169":1,"176":2,"177":2,"180":1,"187":1,"188":1,"192":1,"193":1}},"/home/travis/build/npmtest/node-npmtest-shrinkwrap/lib.npmtest_shrinkwrap.js":{"path":"/home/travis/build/npmtest/node-npmtest-shrinkwrap/lib.npmtest_shrinkwrap.js","s":{"1":2,"2":2,"3":2,"4":2,"5":2,"6":2,"7":2,"8":1,"9":2,"10":2,"11":2,"12":2,"13":1,"14":1,"15":1,"16":1},"b":{"1":[2,1,1,1],"2":[1,1,1,1],"3":[1,1],"4":[2,2],"5":[1,1]},"f":{"1":2,"2":2,"3":2},"fnMap":{"1":{"name":"(anonymous_1)","line":12,"loc":{"start":{"line":12,"column":1},"end":{"line":12,"column":13}}},"2":{"name":"(anonymous_2)","line":19,"loc":{"start":{"line":19,"column":5},"end":{"line":19,"column":17}}},"3":{"name":"(anonymous_3)","line":23,"loc":{"start":{"line":23,"column":24},"end":{"line":23,"column":36}}}},"statementMap":{"1":{"start":{"line":12,"column":0},"end":{"line":53,"column":5}},"2":{"start":{"line":14,"column":4},"end":{"line":14,"column":14}},"3":{"start":{"line":19,"column":4},"end":{"line":52,"column":9}},"4":{"start":{"line":21,"column":8},"end":{"line":21,"column":19}},"5":{"start":{"line":23,"column":8},"end":{"line":35,"column":13}},"6":{"start":{"line":24,"column":12},"end":{"line":34,"column":13}},"7":{"start":{"line":25,"column":16},"end":{"line":28,"column":30}},"8":{"start":{"line":30,"column":16},"end":{"line":33,"column":27}},"9":{"start":{"line":37,"column":8},"end":{"line":39,"column":21}},"10":{"start":{"line":41,"column":8},"end":{"line":41,"column":54}},"11":{"start":{"line":43,"column":8},"end":{"line":43,"column":55}},"12":{"start":{"line":45,"column":8},"end":{"line":51,"column":9}},"13":{"start":{"line":46,"column":12},"end":{"line":46,"column":61}},"14":{"start":{"line":48,"column":12},"end":{"line":48,"column":35}},"15":{"start":{"line":49,"column":12},"end":{"line":49,"column":49}},"16":{"start":{"line":50,"column":12},"end":{"line":50,"column":43}}},"branchMap":{"1":{"line":25,"type":"binary-expr","locations":[{"start":{"line":25,"column":23},"end":{"line":25,"column":62}},{"start":{"line":26,"column":20},"end":{"line":26,"column":70}},{"start":{"line":27,"column":20},"end":{"line":27,"column":71}},{"start":{"line":28,"column":20},"end":{"line":28,"column":29}}]},"2":{"line":30,"type":"binary-expr","locations":[{"start":{"line":30,"column":23},"end":{"line":30,"column":37}},{"start":{"line":31,"column":20},"end":{"line":31,"column":61}},{"start":{"line":32,"column":20},"end":{"line":32,"column":70}},{"start":{"line":33,"column":20},"end":{"line":33,"column":26}}]},"3":{"line":37,"type":"cond-expr","locations":[{"start":{"line":38,"column":14},"end":{"line":38,"column":20}},{"start":{"line":39,"column":14},"end":{"line":39,"column":20}}]},"4":{"line":41,"type":"binary-expr","locations":[{"start":{"line":41,"column":16},"end":{"line":41,"column":44}},{"start":{"line":41,"column":48},"end":{"line":41,"column":53}}]},"5":{"line":45,"type":"if","locations":[{"start":{"line":45,"column":8},"end":{"line":45,"column":8}},{"start":{"line":45,"column":8},"end":{"line":45,"column":8}}]}},"code":["/* istanbul instrument in package npmtest_shrinkwrap */","/*jslint","    bitwise: true,","    browser: true,","    maxerr: 8,","    maxlen: 96,","    node: true,","    nomen: true,","    regexp: true,","    stupid: true","*/","(function () {","    'use strict';","    var local;","","","","    // run shared js-env code - pre-init","    (function () {","        // init local","        local = {};","        // init modeJs","        local.modeJs = (function () {","            try {","                return typeof navigator.userAgent === 'string' &&","                    typeof document.querySelector('body') === 'object' &&","                    typeof XMLHttpRequest.prototype.open === 'function' &&","                    'browser';","            } catch (errorCaughtBrowser) {","                return module.exports &&","                    typeof process.versions.node === 'string' &&","                    typeof require('http').createServer === 'function' &&","                    'node';","            }","        }());","        // init global","        local.global = local.modeJs === 'browser'","            ? window","            : global;","        // init utility2_rollup","        local = local.global.utility2_rollup || local;","        // init lib","        local.local = local.npmtest_shrinkwrap = local;","        // init exports","        if (local.modeJs === 'browser') {","            local.global.utility2_npmtest_shrinkwrap = local;","        } else {","            module.exports = local;","            module.exports.__dirname = __dirname;","            module.exports.module = module;","        }","    }());","}());",""],"l":{"12":2,"14":2,"19":2,"21":2,"23":2,"24":2,"25":2,"30":1,"37":2,"41":2,"43":2,"45":2,"46":1,"48":1,"49":1,"50":1}},"/home/travis/build/npmtest/node-npmtest-shrinkwrap/example.js":{"path":"/home/travis/build/npmtest/node-npmtest-shrinkwrap/example.js","s":{"1":2,"2":2,"3":2,"4":2,"5":2,"6":2,"7":2,"8":1,"9":2,"10":2,"11":2,"12":2,"13":1,"14":2,"15":2,"16":2,"17":2,"18":2,"19":0,"20":2,"21":1,"22":1,"23":1,"24":1,"25":1,"26":0,"27":0,"28":1,"29":1,"30":2,"31":0,"32":0,"33":0,"34":1,"35":2,"36":2,"37":3,"38":3,"39":3,"40":3,"41":0,"42":3,"43":3,"44":3,"45":1,"46":3,"47":1,"48":1,"49":1,"50":1,"51":1,"52":1,"53":1,"54":1,"55":1,"56":1,"57":0,"58":1,"59":6,"60":6,"61":1,"62":2,"63":0,"64":2,"65":1,"66":1,"67":0,"68":0,"69":0,"70":0,"71":0,"72":0,"73":0,"74":0,"75":0,"76":0,"77":0,"78":0,"79":0,"80":0,"81":0,"82":0,"83":0},"b":{"1":[2,1,1,1],"2":[1,1,1,1],"3":[1,1],"4":[2,2],"5":[1,1],"6":[1,1],"7":[2,0],"8":[2,1,1,1,1,1],"9":[0,2,0],"10":[1,1],"11":[2,1,1],"12":[1,0],"13":[0,2],"14":[2,0,0,0,0,0,0],"15":[0,3],"16":[3,0],"17":[1,1],"18":[0,1],"19":[1,2,0,2],"20":[1,0],"21":[1,1],"22":[0,0],"23":[0,0],"24":[0,0],"25":[0,0],"26":[0,0],"27":[0,0],"28":[0,0]},"f":{"1":2,"2":2,"3":2,"4":2,"5":2,"6":2,"7":3,"8":3,"9":3,"10":1,"11":6,"12":0},"fnMap":{"1":{"name":"(anonymous_1)","line":26,"loc":{"start":{"line":26,"column":1},"end":{"line":26,"column":13}}},"2":{"name":"(anonymous_2)","line":33,"loc":{"start":{"line":33,"column":5},"end":{"line":33,"column":17}}},"3":{"name":"(anonymous_3)","line":37,"loc":{"start":{"line":37,"column":24},"end":{"line":37,"column":36}}},"4":{"name":"(anonymous_4)","line":69,"loc":{"start":{"line":69,"column":31},"end":{"line":69,"column":48}},"skip":true},"5":{"name":"(anonymous_5)","line":78,"loc":{"start":{"line":78,"column":26},"end":{"line":78,"column":45}},"skip":true},"6":{"name":"(anonymous_6)","line":123,"loc":{"start":{"line":123,"column":33},"end":{"line":123,"column":48}},"skip":true},"7":{"name":"(anonymous_7)","line":125,"loc":{"start":{"line":125,"column":27},"end":{"line":125,"column":39}},"skip":true},"8":{"name":"(anonymous_8)","line":133,"loc":{"start":{"line":133,"column":59},"end":{"line":133,"column":74}},"skip":true},"9":{"name":"(anonymous_9)","line":143,"loc":{"start":{"line":143,"column":45},"end":{"line":143,"column":62}},"skip":true},"10":{"name":"(anonymous_10)","line":144,"loc":{"start":{"line":144,"column":73},"end":{"line":144,"column":92}},"skip":true},"11":{"name":"(anonymous_11)","line":272,"loc":{"start":{"line":272,"column":51},"end":{"line":272,"column":77}},"skip":true},"12":{"name":"(anonymous_12)","line":315,"loc":{"start":{"line":315,"column":32},"end":{"line":315,"column":61}},"skip":true}},"statementMap":{"1":{"start":{"line":26,"column":0},"end":{"line":326,"column":5}},"2":{"start":{"line":28,"column":4},"end":{"line":28,"column":14}},"3":{"start":{"line":33,"column":4},"end":{"line":60,"column":9}},"4":{"start":{"line":35,"column":8},"end":{"line":35,"column":19}},"5":{"start":{"line":37,"column":8},"end":{"line":49,"column":13}},"6":{"start":{"line":38,"column":12},"end":{"line":48,"column":13}},"7":{"start":{"line":39,"column":16},"end":{"line":42,"column":30}},"8":{"start":{"line":44,"column":16},"end":{"line":47,"column":27}},"9":{"start":{"line":51,"column":8},"end":{"line":53,"column":21}},"10":{"start":{"line":55,"column":8},"end":{"line":57,"column":45}},"11":{"start":{"line":59,"column":8},"end":{"line":59,"column":35}},"12":{"start":{"line":61,"column":4},"end":{"line":325,"column":5}},"13":{"start":{"line":69,"column":8},"end":{"line":121,"column":10},"skip":true},"14":{"start":{"line":70,"column":12},"end":{"line":88,"column":13},"skip":true},"15":{"start":{"line":76,"column":16},"end":{"line":87,"column":19},"skip":true},"16":{"start":{"line":79,"column":20},"end":{"line":86,"column":21},"skip":true},"17":{"start":{"line":82,"column":24},"end":{"line":82,"column":43},"skip":true},"18":{"start":{"line":83,"column":24},"end":{"line":83,"column":30},"skip":true},"19":{"start":{"line":85,"column":24},"end":{"line":85,"column":49},"skip":true},"20":{"start":{"line":89,"column":12},"end":{"line":107,"column":13},"skip":true},"21":{"start":{"line":92,"column":16},"end":{"line":102,"column":17},"skip":true},"22":{"start":{"line":93,"column":20},"end":{"line":93,"column":86},"skip":true},"23":{"start":{"line":94,"column":20},"end":{"line":95,"column":45},"skip":true},"24":{"start":{"line":96,"column":20},"end":{"line":96,"column":42},"skip":true},"25":{"start":{"line":97,"column":20},"end":{"line":97,"column":48},"skip":true},"26":{"start":{"line":100,"column":20},"end":{"line":100,"column":85},"skip":true},"27":{"start":{"line":101,"column":20},"end":{"line":101,"column":96},"skip":true},"28":{"start":{"line":103,"column":16},"end":{"line":103,"column":22},"skip":true},"29":{"start":{"line":106,"column":16},"end":{"line":106,"column":22},"skip":true},"30":{"start":{"line":108,"column":12},"end":{"line":120,"column":13},"skip":true},"31":{"start":{"line":114,"column":16},"end":{"line":119,"column":17},"skip":true},"32":{"start":{"line":116,"column":20},"end":{"line":116,"column":78},"skip":true},"33":{"start":{"line":118,"column":20},"end":{"line":118,"column":47},"skip":true},"34":{"start":{"line":123,"column":8},"end":{"line":141,"column":11},"skip":true},"35":{"start":{"line":124,"column":12},"end":{"line":124,"column":54},"skip":true},"36":{"start":{"line":125,"column":12},"end":{"line":140,"column":14},"skip":true},"37":{"start":{"line":126,"column":16},"end":{"line":126,"column":28},"skip":true},"38":{"start":{"line":127,"column":16},"end":{"line":127,"column":69},"skip":true},"39":{"start":{"line":128,"column":16},"end":{"line":128,"column":75},"skip":true},"40":{"start":{"line":129,"column":16},"end":{"line":131,"column":17},"skip":true},"41":{"start":{"line":130,"column":20},"end":{"line":130,"column":27},"skip":true},"42":{"start":{"line":133,"column":16},"end":{"line":137,"column":36},"skip":true},"43":{"start":{"line":134,"column":20},"end":{"line":136,"column":55},"skip":true},"44":{"start":{"line":139,"column":16},"end":{"line":139,"column":57},"skip":true},"45":{"start":{"line":143,"column":8},"end":{"line":147,"column":11},"skip":true},"46":{"start":{"line":144,"column":12},"end":{"line":146,"column":15},"skip":true},"47":{"start":{"line":145,"column":16},"end":{"line":145,"column":70},"skip":true},"48":{"start":{"line":149,"column":8},"end":{"line":149,"column":31},"skip":true},"49":{"start":{"line":150,"column":8},"end":{"line":150,"column":14},"skip":true},"50":{"start":{"line":158,"column":8},"end":{"line":158,"column":31},"skip":true},"51":{"start":{"line":160,"column":8},"end":{"line":160,"column":33},"skip":true},"52":{"start":{"line":161,"column":8},"end":{"line":161,"column":37},"skip":true},"53":{"start":{"line":162,"column":8},"end":{"line":162,"column":35},"skip":true},"54":{"start":{"line":164,"column":8},"end":{"line":164,"column":50},"skip":true},"55":{"start":{"line":166,"column":8},"end":{"line":256,"column":2},"skip":true},"56":{"start":{"line":258,"column":8},"end":{"line":286,"column":9},"skip":true},"57":{"start":{"line":259,"column":12},"end":{"line":269,"column":14},"skip":true},"58":{"start":{"line":271,"column":12},"end":{"line":285,"column":19},"skip":true},"59":{"start":{"line":274,"column":20},"end":{"line":274,"column":35},"skip":true},"60":{"start":{"line":275,"column":20},"end":{"line":284,"column":21},"skip":true},"61":{"start":{"line":277,"column":24},"end":{"line":277,"column":64},"skip":true},"62":{"start":{"line":279,"column":24},"end":{"line":279,"column":40},"skip":true},"63":{"start":{"line":281,"column":24},"end":{"line":281,"column":40},"skip":true},"64":{"start":{"line":283,"column":24},"end":{"line":283,"column":39},"skip":true},"65":{"start":{"line":288,"column":8},"end":{"line":290,"column":9},"skip":true},"66":{"start":{"line":289,"column":12},"end":{"line":289,"column":18},"skip":true},"67":{"start":{"line":291,"column":8},"end":{"line":293,"column":54},"skip":true},"68":{"start":{"line":296,"column":8},"end":{"line":301,"column":37},"skip":true},"69":{"start":{"line":303,"column":8},"end":{"line":303,"column":82},"skip":true},"70":{"start":{"line":306,"column":8},"end":{"line":308,"column":9},"skip":true},"71":{"start":{"line":307,"column":12},"end":{"line":307,"column":82},"skip":true},"72":{"start":{"line":310,"column":8},"end":{"line":312,"column":9},"skip":true},"73":{"start":{"line":311,"column":12},"end":{"line":311,"column":18},"skip":true},"74":{"start":{"line":313,"column":8},"end":{"line":313,"column":54},"skip":true},"75":{"start":{"line":314,"column":8},"end":{"line":314,"column":69},"skip":true},"76":{"start":{"line":315,"column":8},"end":{"line":323,"column":36},"skip":true},"77":{"start":{"line":316,"column":12},"end":{"line":316,"column":61},"skip":true},"78":{"start":{"line":317,"column":12},"end":{"line":320,"column":13},"skip":true},"79":{"start":{"line":318,"column":16},"end":{"line":318,"column":75},"skip":true},"80":{"start":{"line":319,"column":16},"end":{"line":319,"column":23},"skip":true},"81":{"start":{"line":321,"column":12},"end":{"line":321,"column":38},"skip":true},"82":{"start":{"line":322,"column":12},"end":{"line":322,"column":27},"skip":true},"83":{"start":{"line":324,"column":8},"end":{"line":324,"column":14},"skip":true}},"branchMap":{"1":{"line":39,"type":"binary-expr","locations":[{"start":{"line":39,"column":23},"end":{"line":39,"column":62}},{"start":{"line":40,"column":20},"end":{"line":40,"column":70}},{"start":{"line":41,"column":20},"end":{"line":41,"column":71}},{"start":{"line":42,"column":20},"end":{"line":42,"column":29}}]},"2":{"line":44,"type":"binary-expr","locations":[{"start":{"line":44,"column":23},"end":{"line":44,"column":37}},{"start":{"line":45,"column":20},"end":{"line":45,"column":61}},{"start":{"line":46,"column":20},"end":{"line":46,"column":70}},{"start":{"line":47,"column":20},"end":{"line":47,"column":26}}]},"3":{"line":51,"type":"cond-expr","locations":[{"start":{"line":52,"column":14},"end":{"line":52,"column":20}},{"start":{"line":53,"column":14},"end":{"line":53,"column":20}}]},"4":{"line":55,"type":"binary-expr","locations":[{"start":{"line":55,"column":16},"end":{"line":55,"column":44}},{"start":{"line":55,"column":49},"end":{"line":57,"column":43}}]},"5":{"line":55,"type":"cond-expr","locations":[{"start":{"line":56,"column":14},"end":{"line":56,"column":54}},{"start":{"line":57,"column":14},"end":{"line":57,"column":43}}]},"6":{"line":61,"type":"switch","locations":[{"start":{"line":68,"column":4},"end":{"line":150,"column":14},"skip":true},{"start":{"line":156,"column":4},"end":{"line":324,"column":14},"skip":true}]},"7":{"line":70,"type":"if","locations":[{"start":{"line":70,"column":12},"end":{"line":70,"column":12},"skip":true},{"start":{"line":70,"column":12},"end":{"line":70,"column":12},"skip":true}]},"8":{"line":70,"type":"binary-expr","locations":[{"start":{"line":70,"column":16},"end":{"line":70,"column":22},"skip":true},{"start":{"line":70,"column":27},"end":{"line":70,"column":32},"skip":true},{"start":{"line":71,"column":20},"end":{"line":71,"column":39},"skip":true},{"start":{"line":72,"column":20},"end":{"line":72,"column":49},"skip":true},{"start":{"line":73,"column":20},"end":{"line":73,"column":58},"skip":true},{"start":{"line":74,"column":20},"end":{"line":74,"column":69},"skip":true}]},"9":{"line":79,"type":"switch","locations":[{"start":{"line":80,"column":20},"end":{"line":80,"column":33},"skip":true},{"start":{"line":81,"column":20},"end":{"line":83,"column":30},"skip":true},{"start":{"line":84,"column":20},"end":{"line":85,"column":49},"skip":true}]},"10":{"line":89,"type":"switch","locations":[{"start":{"line":90,"column":12},"end":{"line":103,"column":22},"skip":true},{"start":{"line":105,"column":12},"end":{"line":106,"column":22},"skip":true}]},"11":{"line":89,"type":"binary-expr","locations":[{"start":{"line":89,"column":20},"end":{"line":89,"column":25},"skip":true},{"start":{"line":89,"column":29},"end":{"line":89,"column":48},"skip":true},{"start":{"line":89,"column":52},"end":{"line":89,"column":74},"skip":true}]},"12":{"line":92,"type":"if","locations":[{"start":{"line":92,"column":16},"end":{"line":92,"column":16},"skip":true},{"start":{"line":92,"column":16},"end":{"line":92,"column":16},"skip":true}]},"13":{"line":108,"type":"if","locations":[{"start":{"line":108,"column":12},"end":{"line":108,"column":12},"skip":true},{"start":{"line":108,"column":12},"end":{"line":108,"column":12},"skip":true}]},"14":{"line":108,"type":"binary-expr","locations":[{"start":{"line":108,"column":16},"end":{"line":108,"column":61},"skip":true},{"start":{"line":108,"column":66},"end":{"line":108,"column":72},"skip":true},{"start":{"line":108,"column":77},"end":{"line":108,"column":82},"skip":true},{"start":{"line":109,"column":20},"end":{"line":109,"column":39},"skip":true},{"start":{"line":110,"column":20},"end":{"line":110,"column":49},"skip":true},{"start":{"line":111,"column":20},"end":{"line":111,"column":58},"skip":true},{"start":{"line":112,"column":20},"end":{"line":112,"column":68},"skip":true}]},"15":{"line":129,"type":"if","locations":[{"start":{"line":129,"column":16},"end":{"line":129,"column":16},"skip":true},{"start":{"line":129,"column":16},"end":{"line":129,"column":16},"skip":true}]},"16":{"line":134,"type":"cond-expr","locations":[{"start":{"line":135,"column":26},"end":{"line":135,"column":29},"skip":true},{"start":{"line":136,"column":26},"end":{"line":136,"column":54},"skip":true}]},"17":{"line":164,"type":"binary-expr","locations":[{"start":{"line":164,"column":27},"end":{"line":164,"column":43},"skip":true},{"start":{"line":164,"column":47},"end":{"line":164,"column":49},"skip":true}]},"18":{"line":258,"type":"if","locations":[{"start":{"line":258,"column":8},"end":{"line":258,"column":8},"skip":true},{"start":{"line":258,"column":8},"end":{"line":258,"column":8},"skip":true}]},"19":{"line":275,"type":"switch","locations":[{"start":{"line":276,"column":20},"end":{"line":277,"column":64},"skip":true},{"start":{"line":278,"column":20},"end":{"line":279,"column":40},"skip":true},{"start":{"line":280,"column":20},"end":{"line":281,"column":40},"skip":true},{"start":{"line":282,"column":20},"end":{"line":283,"column":39},"skip":true}]},"20":{"line":288,"type":"if","locations":[{"start":{"line":288,"column":8},"end":{"line":288,"column":8},"skip":true},{"start":{"line":288,"column":8},"end":{"line":288,"column":8},"skip":true}]},"21":{"line":288,"type":"binary-expr","locations":[{"start":{"line":288,"column":12},"end":{"line":288,"column":40},"skip":true},{"start":{"line":288,"column":44},"end":{"line":288,"column":67},"skip":true}]},"22":{"line":292,"type":"binary-expr","locations":[{"start":{"line":292,"column":12},"end":{"line":292,"column":50},"skip":true},{"start":{"line":293,"column":12},"end":{"line":293,"column":53},"skip":true}]},"23":{"line":297,"type":"binary-expr","locations":[{"start":{"line":297,"column":12},"end":{"line":297,"column":68},"skip":true},{"start":{"line":298,"column":12},"end":{"line":301,"column":36},"skip":true}]},"24":{"line":303,"type":"binary-expr","locations":[{"start":{"line":303,"column":43},"end":{"line":303,"column":75},"skip":true},{"start":{"line":303,"column":79},"end":{"line":303,"column":81},"skip":true}]},"25":{"line":306,"type":"if","locations":[{"start":{"line":306,"column":8},"end":{"line":306,"column":8},"skip":true},{"start":{"line":306,"column":8},"end":{"line":306,"column":8},"skip":true}]},"26":{"line":310,"type":"if","locations":[{"start":{"line":310,"column":8},"end":{"line":310,"column":8},"skip":true},{"start":{"line":310,"column":8},"end":{"line":310,"column":8},"skip":true}]},"27":{"line":313,"type":"binary-expr","locations":[{"start":{"line":313,"column":27},"end":{"line":313,"column":43},"skip":true},{"start":{"line":313,"column":47},"end":{"line":313,"column":53},"skip":true}]},"28":{"line":317,"type":"if","locations":[{"start":{"line":317,"column":12},"end":{"line":317,"column":12},"skip":true},{"start":{"line":317,"column":12},"end":{"line":317,"column":12},"skip":true}]}},"code":["/*","example.js","","quickstart example","","instruction","    1. save this script as example.js","    2. run the shell command:","        $ npm install npmtest-shrinkwrap && PORT=8081 node example.js","    3. play with the browser-demo on http://127.0.0.1:8081","*/","","","","/* istanbul instrument in package npmtest_shrinkwrap */","/*jslint","    bitwise: true,","    browser: true,","    maxerr: 8,","    maxlen: 96,","    node: true,","    nomen: true,","    regexp: true,","    stupid: true","*/","(function () {","    'use strict';","    var local;","","","","    // run shared js-env code - pre-init","    (function () {","        // init local","        local = {};","        // init modeJs","        local.modeJs = (function () {","            try {","                return typeof navigator.userAgent === 'string' &&","                    typeof document.querySelector('body') === 'object' &&","                    typeof XMLHttpRequest.prototype.open === 'function' &&","                    'browser';","            } catch (errorCaughtBrowser) {","                return module.exports &&","                    typeof process.versions.node === 'string' &&","                    typeof require('http').createServer === 'function' &&","                    'node';","            }","        }());","        // init global","        local.global = local.modeJs === 'browser'","            ? window","            : global;","        // init utility2_rollup","        local = local.global.utility2_rollup || (local.modeJs === 'browser'","            ? local.global.utility2_npmtest_shrinkwrap","            : global.utility2_moduleExports);","        // export local","        local.global.local = local;","    }());","    switch (local.modeJs) {","","","","    // post-init","    // run browser js-env code - post-init","    /* istanbul ignore next */","    case 'browser':","        local.testRunBrowser = function (event) {","            if (!event || (event &&","                    event.currentTarget &&","                    event.currentTarget.className &&","                    event.currentTarget.className.includes &&","                    event.currentTarget.className.includes('onreset'))) {","                // reset output","                Array.from(","                    document.querySelectorAll('body > .resettable')","                ).forEach(function (element) {","                    switch (element.tagName) {","                    case 'INPUT':","                    case 'TEXTAREA':","                        element.value = '';","                        break;","                    default:","                        element.textContent = '';","                    }","                });","            }","            switch (event && event.currentTarget && event.currentTarget.id) {","            case 'testRunButton1':","                // show tests","                if (document.querySelector('#testReportDiv1').style.display === 'none') {","                    document.querySelector('#testReportDiv1').style.display = 'block';","                    document.querySelector('#testRunButton1').textContent =","                        'hide internal test';","                    local.modeTest = true;","                    local.testRunDefault(local);","                // hide tests","                } else {","                    document.querySelector('#testReportDiv1').style.display = 'none';","                    document.querySelector('#testRunButton1').textContent = 'run internal test';","                }","                break;","            // custom-case","            default:","                break;","            }","            if (document.querySelector('#inputTextareaEval1') && (!event || (event &&","                    event.currentTarget &&","                    event.currentTarget.className &&","                    event.currentTarget.className.includes &&","                    event.currentTarget.className.includes('oneval')))) {","                // try to eval input-code","                try {","                    /*jslint evil: true*/","                    eval(document.querySelector('#inputTextareaEval1').value);","                } catch (errorCaught) {","                    console.error(errorCaught);","                }","            }","        };","        // log stderr and stdout to #outputTextareaStdout1","        ['error', 'log'].forEach(function (key) {","            console[key + '_original'] = console[key];","            console[key] = function () {","                var element;","                console[key + '_original'].apply(console, arguments);","                element = document.querySelector('#outputTextareaStdout1');","                if (!element) {","                    return;","                }","                // append text to #outputTextareaStdout1","                element.value += Array.from(arguments).map(function (arg) {","                    return typeof arg === 'string'","                        ? arg","                        : JSON.stringify(arg, null, 4);","                }).join(' ') + '\\n';","                // scroll textarea to bottom","                element.scrollTop = element.scrollHeight;","            };","        });","        // init event-handling","        ['change', 'click', 'keyup'].forEach(function (event) {","            Array.from(document.querySelectorAll('.on' + event)).forEach(function (element) {","                element.addEventListener(event, local.testRunBrowser);","            });","        });","        // run tests","        local.testRunBrowser();","        break;","","","","    // run node js-env code - post-init","    /* istanbul ignore next */","    case 'node':","        // export local","        module.exports = local;","        // require modules","        local.fs = require('fs');","        local.http = require('http');","        local.url = require('url');","        // init assets","        local.assetsDict = local.assetsDict || {};","        /* jslint-ignore-begin */","        local.assetsDict['/assets.index.template.html'] = '\\","<!doctype html>\\n\\","<html lang=\"en\">\\n\\","<head>\\n\\","<meta charset=\"UTF-8\">\\n\\","<meta name=\"viewport\" content=\"width=device-width, initial-scale=1\">\\n\\","<title>{{env.npm_package_name}} (v{{env.npm_package_version}})</title>\\n\\","<style>\\n\\","/*csslint\\n\\","    box-sizing: false,\\n\\","    universal-selector: false\\n\\","*/\\n\\","* {\\n\\","    box-sizing: border-box;\\n\\","}\\n\\","body {\\n\\","    background: #dde;\\n\\","    font-family: Arial, Helvetica, sans-serif;\\n\\","    margin: 2rem;\\n\\","}\\n\\","body > * {\\n\\","    margin-bottom: 1rem;\\n\\","}\\n\\",".utility2FooterDiv {\\n\\","    margin-top: 20px;\\n\\","    text-align: center;\\n\\","}\\n\\","</style>\\n\\","<style>\\n\\","/*csslint\\n\\","*/\\n\\","textarea {\\n\\","    font-family: monospace;\\n\\","    height: 10rem;\\n\\","    width: 100%;\\n\\","}\\n\\","textarea[readonly] {\\n\\","    background: #ddd;\\n\\","}\\n\\","</style>\\n\\","</head>\\n\\","<body>\\n\\","<!-- utility2-comment\\n\\","<div id=\"ajaxProgressDiv1\" style=\"background: #d00; height: 2px; left: 0; margin: 0; padding: 0; position: fixed; top: 0; transition: background 0.5s, width 1.5s; width: 25%;\"></div>\\n\\","utility2-comment -->\\n\\","<h1>\\n\\","<!-- utility2-comment\\n\\","    <a\\n\\","        {{#if env.npm_package_homepage}}\\n\\","        href=\"{{env.npm_package_homepage}}\"\\n\\","        {{/if env.npm_package_homepage}}\\n\\","        target=\"_blank\"\\n\\","    >\\n\\","utility2-comment -->\\n\\","        {{env.npm_package_name}} (v{{env.npm_package_version}})\\n\\","<!-- utility2-comment\\n\\","    </a>\\n\\","utility2-comment -->\\n\\","</h1>\\n\\","<h3>{{env.npm_package_description}}</h3>\\n\\","<!-- utility2-comment\\n\\","<h4><a download href=\"assets.app.js\">download standalone app</a></h4>\\n\\","<button class=\"onclick onreset\" id=\"testRunButton1\">run internal test</button><br>\\n\\","<div id=\"testReportDiv1\" style=\"display: none;\"></div>\\n\\","utility2-comment -->\\n\\","\\n\\","\\n\\","\\n\\","<label>stderr and stdout</label>\\n\\","<textarea class=\"resettable\" id=\"outputTextareaStdout1\" readonly></textarea>\\n\\","<!-- utility2-comment\\n\\","{{#if isRollup}}\\n\\","<script src=\"assets.app.js\"></script>\\n\\","{{#unless isRollup}}\\n\\","utility2-comment -->\\n\\","<script src=\"assets.utility2.rollup.js\"></script>\\n\\","<script src=\"jsonp.utility2._stateInit?callback=window.utility2._stateInit\"></script>\\n\\","<script src=\"assets.npmtest_shrinkwrap.rollup.js\"></script>\\n\\","<script src=\"assets.example.js\"></script>\\n\\","<script src=\"assets.test.js\"></script>\\n\\","<!-- utility2-comment\\n\\","{{/if isRollup}}\\n\\","utility2-comment -->\\n\\","<div class=\"utility2FooterDiv\">\\n\\","    [ this app was created with\\n\\","    <a href=\"https://github.com/kaizhu256/node-utility2\" target=\"_blank\">utility2</a>\\n\\","    ]\\n\\","</div>\\n\\","</body>\\n\\","</html>\\n\\","';","        /* jslint-ignore-end */","        if (local.templateRender) {","            local.assetsDict['/'] = local.templateRender(","                local.assetsDict['/assets.index.template.html'],","                {","                    env: local.objectSetDefault(local.env, {","                        npm_package_description: 'the greatest app in the world!',","                        npm_package_name: 'my-app',","                        npm_package_nameAlias: 'my_app',","                        npm_package_version: '0.0.1'","                    })","                }","            );","        } else {","            local.assetsDict['/'] = local.assetsDict['/assets.index.template.html']","                .replace((/\\{\\{env\\.(\\w+?)\\}\\}/g), function (match0, match1) {","                    // jslint-hack","                    String(match0);","                    switch (match1) {","                    case 'npm_package_description':","                        return 'the greatest app in the world!';","                    case 'npm_package_name':","                        return 'my-app';","                    case 'npm_package_nameAlias':","                        return 'my_app';","                    case 'npm_package_version':","                        return '0.0.1';","                    }","                });","        }","        // run the cli","        if (local.global.utility2_rollup || module !== require.main) {","            break;","        }","        local.assetsDict['/assets.example.js'] =","            local.assetsDict['/assets.example.js'] ||","            local.fs.readFileSync(__filename, 'utf8');","        // bug-workaround - long $npm_package_buildCustomOrg","        /* jslint-ignore-begin */","        local.assetsDict['/assets.npmtest_shrinkwrap.rollup.js'] =","            local.assetsDict['/assets.npmtest_shrinkwrap.rollup.js'] ||","            local.fs.readFileSync(","                local.npmtest_shrinkwrap.__dirname + '/lib.npmtest_shrinkwrap.js',","                'utf8'","            ).replace((/^#!/), '//');","        /* jslint-ignore-end */","        local.assetsDict['/favicon.ico'] = local.assetsDict['/favicon.ico'] || '';","        // if $npm_config_timeout_exit exists,","        // then exit this process after $npm_config_timeout_exit ms","        if (Number(process.env.npm_config_timeout_exit)) {","            setTimeout(process.exit, Number(process.env.npm_config_timeout_exit));","        }","        // start server","        if (local.global.utility2_serverHttp1) {","            break;","        }","        process.env.PORT = process.env.PORT || '8081';","        console.error('server starting on port ' + process.env.PORT);","        local.http.createServer(function (request, response) {","            request.urlParsed = local.url.parse(request.url);","            if (local.assetsDict[request.urlParsed.pathname] !== undefined) {","                response.end(local.assetsDict[request.urlParsed.pathname]);","                return;","            }","            response.statusCode = 404;","            response.end();","        }).listen(process.env.PORT);","        break;","    }","}());",""],"l":{"26":2,"28":2,"33":2,"35":2,"37":2,"38":2,"39":2,"44":1,"51":2,"55":2,"59":2,"61":2,"69":1,"70":2,"76":2,"79":2,"82":2,"83":2,"85":1,"89":2,"92":1,"93":1,"94":1,"96":1,"97":1,"100":1,"101":1,"103":1,"106":1,"108":2,"114":1,"116":1,"118":1,"123":1,"124":2,"125":2,"126":3,"127":3,"128":3,"129":3,"130":1,"133":3,"134":3,"139":3,"143":1,"144":3,"145":1,"149":1,"150":1,"158":1,"160":1,"161":1,"162":1,"164":1,"166":1,"258":1,"259":1,"271":1,"274":6,"275":6,"277":1,"279":2,"281":1,"283":2,"288":1,"289":1,"291":1,"296":1,"303":1,"306":1,"307":1,"310":1,"311":1,"313":1,"314":1,"315":1,"316":1,"317":1,"318":1,"319":1,"321":1,"322":1,"324":1}},"/home/travis/build/npmtest/node-npmtest-shrinkwrap/node_modules/shrinkwrap/index.js":{"path":"/home/travis/build/npmtest/node-npmtest-shrinkwrap/node_modules/shrinkwrap/index.js","s":{"1":1,"2":1,"3":1,"4":0,"5":1,"6":0,"7":0,"8":0,"9":0,"10":0,"11":0,"12":0,"13":0,"14":0,"15":0,"16":0,"17":1,"18":1,"19":0,"20":0,"21":0,"22":0,"23":0,"24":0,"25":0,"26":0,"27":0,"28":1,"29":0,"30":1,"31":0,"32":0,"33":1,"34":0,"35":0,"36":0,"37":0,"38":0,"39":0,"40":0,"41":0,"42":0,"43":0,"44":0,"45":0,"46":0,"47":0,"48":0,"49":0,"50":0,"51":0,"52":0,"53":0,"54":0,"55":0,"56":0,"57":0,"58":0,"59":0,"60":0,"61":0,"62":0,"63":0,"64":0,"65":0,"66":0,"67":0,"68":0,"69":0,"70":0,"71":0,"72":0,"73":0,"74":0,"75":0,"76":0,"77":0,"78":0,"79":0,"80":0,"81":0,"82":0,"83":0,"84":1,"85":0,"86":0,"87":0,"88":0,"89":0,"90":0,"91":0,"92":0,"93":0,"94":0,"95":0,"96":0,"97":0,"98":0,"99":0,"100":0,"101":0,"102":0,"103":0,"104":1,"105":0,"106":0,"107":0,"108":0,"109":0,"110":0,"111":0,"112":0,"113":0,"114":0,"115":0,"116":0,"117":0,"118":0,"119":0,"120":0,"121":0,"122":0,"123":1,"124":0,"125":1,"126":0,"127":0,"128":0,"129":0,"130":0,"131":0,"132":0,"133":1,"134":0,"135":0,"136":0,"137":0,"138":0,"139":0,"140":0,"141":0,"142":0,"143":0,"144":0,"145":0,"146":0,"147":0,"148":0,"149":0,"150":0,"151":1,"152":0,"153":0,"154":0,"155":0,"156":0,"157":0,"158":0,"159":0,"160":0,"161":0,"162":0,"163":0,"164":0,"165":0,"166":0,"167":1,"168":0,"169":1,"170":1},"b":{"1":[0,0],"2":[0,0],"3":[0,0],"4":[0,0],"5":[0,0],"6":[0,0],"7":[0,0],"8":[0,0],"9":[0,0],"10":[0,0],"11":[0,0],"12":[0,0],"13":[0,0],"14":[0,0],"15":[0,0],"16":[0,0],"17":[0,0],"18":[0,0],"19":[0,0],"20":[0,0],"21":[0,0],"22":[0,0],"23":[0,0],"24":[0,0],"25":[0,0],"26":[0,0],"27":[0,0],"28":[0,0],"29":[0,0],"30":[0,0],"31":[0,0],"32":[0,0],"33":[0,0],"34":[0,0],"35":[0,0],"36":[0,0],"37":[0,0],"38":[0,0],"39":[0,0],"40":[0,0],"41":[0,0],"42":[0,0],"43":[0,0],"44":[0,0],"45":[0,0]},"f":{"1":0,"2":0,"3":0,"4":0,"5":0,"6":0,"7":0,"8":0,"9":0,"10":0,"11":0,"12":0,"13":0,"14":0,"15":0,"16":0,"17":0,"18":0,"19":0,"20":0,"21":0,"22":0,"23":0,"24":0,"25":0,"26":0,"27":0,"28":0,"29":0,"30":0,"31":0,"32":0},"fnMap":{"1":{"name":"unique","line":22,"loc":{"start":{"line":22,"column":0},"end":{"line":22,"column":35}}},"2":{"name":"Shrinkwrap","line":43,"loc":{"start":{"line":43,"column":0},"end":{"line":43,"column":29}}},"3":{"name":"get","line":91,"loc":{"start":{"line":91,"column":27},"end":{"line":91,"column":57}}},"4":{"name":"release","line":99,"loc":{"start":{"line":99,"column":46},"end":{"line":99,"column":73}}},"5":{"name":"type","line":114,"loc":{"start":{"line":114,"column":28},"end":{"line":114,"column":46}}},"6":{"name":"resolve","line":125,"loc":{"start":{"line":125,"column":31},"end":{"line":125,"column":60}}},"7":{"name":"queue","line":139,"loc":{"start":{"line":139,"column":2},"end":{"line":139,"column":39}}},"8":{"name":"each","line":142,"loc":{"start":{"line":142,"column":36},"end":{"line":142,"column":55}}},"9":{"name":"each","line":146,"loc":{"start":{"line":146,"column":41},"end":{"line":146,"column":61}}},"10":{"name":"push","line":184,"loc":{"start":{"line":184,"column":15},"end":{"line":184,"column":35}}},"11":{"name":"some","line":188,"loc":{"start":{"line":188,"column":28},"end":{"line":188,"column":48}}},"12":{"name":"worker","line":215,"loc":{"start":{"line":215,"column":17},"end":{"line":215,"column":38}}},"13":{"name":"cleanup","line":231,"loc":{"start":{"line":231,"column":16},"end":{"line":231,"column":41}}},"14":{"name":"release","line":238,"loc":{"start":{"line":238,"column":46},"end":{"line":238,"column":82}}},"15":{"name":"each","line":249,"loc":{"start":{"line":249,"column":27},"end":{"line":249,"column":49}}},"16":{"name":"releases","line":268,"loc":{"start":{"line":268,"column":32},"end":{"line":268,"column":60}}},"17":{"name":"details","line":276,"loc":{"start":{"line":276,"column":40},"end":{"line":276,"column":72}}},"18":{"name":"valid","line":280,"loc":{"start":{"line":280,"column":29},"end":{"line":280,"column":49}}},"19":{"name":"reduce","line":288,"loc":{"start":{"line":288,"column":34},"end":{"line":288,"column":61}}},"20":{"name":"(anonymous_20)","line":300,"loc":{"start":{"line":300,"column":38},"end":{"line":300,"column":53}}},"21":{"name":"release","line":322,"loc":{"start":{"line":322,"column":31},"end":{"line":322,"column":65}}},"22":{"name":"releases","line":331,"loc":{"start":{"line":331,"column":22},"end":{"line":331,"column":53}}},"23":{"name":"(anonymous_23)","line":351,"loc":{"start":{"line":351,"column":36},"end":{"line":351,"column":51}}},"24":{"name":"optimize","line":369,"loc":{"start":{"line":369,"column":32},"end":{"line":369,"column":62}}},"25":{"name":"parent","line":384,"loc":{"start":{"line":384,"column":2},"end":{"line":384,"column":29}}},"26":{"name":"available","line":406,"loc":{"start":{"line":406,"column":2},"end":{"line":406,"column":35}}},"27":{"name":"every","line":409,"loc":{"start":{"line":409,"column":43},"end":{"line":409,"column":63}}},"28":{"name":"(anonymous_28)","line":421,"loc":{"start":{"line":421,"column":30},"end":{"line":421,"column":45}}},"29":{"name":"filter","line":435,"loc":{"start":{"line":435,"column":12},"end":{"line":435,"column":37}}},"30":{"name":"dedupe","line":455,"loc":{"start":{"line":455,"column":30},"end":{"line":455,"column":51}}},"31":{"name":"searchanddestroy","line":460,"loc":{"start":{"line":460,"column":40},"end":{"line":460,"column":72}}},"32":{"name":"destroy","line":481,"loc":{"start":{"line":481,"column":31},"end":{"line":481,"column":50}}}},"statementMap":{"1":{"start":{"line":3,"column":0},"end":{"line":7,"column":29}},"2":{"start":{"line":12,"column":0},"end":{"line":12,"column":41}},"3":{"start":{"line":22,"column":0},"end":{"line":24,"column":1}},"4":{"start":{"line":23,"column":2},"end":{"line":23,"column":38}},"5":{"start":{"line":43,"column":0},"end":{"line":79,"column":1}},"6":{"start":{"line":44,"column":2},"end":{"line":44,"column":14}},"7":{"start":{"line":46,"column":2},"end":{"line":46,"column":26}},"8":{"start":{"line":48,"column":2},"end":{"line":50,"column":39}},"9":{"start":{"line":52,"column":2},"end":{"line":54,"column":40}},"10":{"start":{"line":56,"column":2},"end":{"line":58,"column":11}},"11":{"start":{"line":60,"column":2},"end":{"line":62,"column":9}},"12":{"start":{"line":64,"column":2},"end":{"line":66,"column":12}},"13":{"start":{"line":68,"column":2},"end":{"line":74,"column":5}},"14":{"start":{"line":76,"column":2},"end":{"line":76,"column":39}},"15":{"start":{"line":77,"column":2},"end":{"line":77,"column":29}},"16":{"start":{"line":78,"column":2},"end":{"line":78,"column":35}},"17":{"start":{"line":81,"column":0},"end":{"line":81,"column":43}},"18":{"start":{"line":91,"column":0},"end":{"line":105,"column":2}},"19":{"start":{"line":92,"column":2},"end":{"line":95,"column":3}},"20":{"start":{"line":93,"column":4},"end":{"line":93,"column":15}},"21":{"start":{"line":94,"column":4},"end":{"line":94,"column":21}},"22":{"start":{"line":97,"column":2},"end":{"line":97,"column":24}},"23":{"start":{"line":99,"column":2},"end":{"line":104,"column":5}},"24":{"start":{"line":100,"column":4},"end":{"line":100,"column":28}},"25":{"start":{"line":100,"column":13},"end":{"line":100,"column":28}},"26":{"start":{"line":102,"column":4},"end":{"line":102,"column":54}},"27":{"start":{"line":103,"column":4},"end":{"line":103,"column":32}},"28":{"start":{"line":114,"column":0},"end":{"line":116,"column":2}},"29":{"start":{"line":115,"column":2},"end":{"line":115,"column":54}},"30":{"start":{"line":125,"column":0},"end":{"line":259,"column":2}},"31":{"start":{"line":126,"column":2},"end":{"line":126,"column":54}},"32":{"start":{"line":128,"column":2},"end":{"line":128,"column":24}},"33":{"start":{"line":139,"column":2},"end":{"line":162,"column":3}},"34":{"start":{"line":140,"column":4},"end":{"line":140,"column":43}},"35":{"start":{"line":142,"column":4},"end":{"line":159,"column":19}},"36":{"start":{"line":143,"column":6},"end":{"line":143,"column":63}},"37":{"start":{"line":143,"column":56},"end":{"line":143,"column":63}},"38":{"start":{"line":144,"column":6},"end":{"line":144,"column":56}},"39":{"start":{"line":144,"column":49},"end":{"line":144,"column":56}},"40":{"start":{"line":146,"column":6},"end":{"line":158,"column":9}},"41":{"start":{"line":147,"column":8},"end":{"line":148,"column":35}},"42":{"start":{"line":150,"column":8},"end":{"line":150,"column":50}},"43":{"start":{"line":151,"column":8},"end":{"line":157,"column":11}},"44":{"start":{"line":161,"column":4},"end":{"line":161,"column":17}},"45":{"start":{"line":167,"column":2},"end":{"line":167,"column":45}},"46":{"start":{"line":168,"column":2},"end":{"line":168,"column":22}},"47":{"start":{"line":169,"column":2},"end":{"line":169,"column":20}},"48":{"start":{"line":174,"column":2},"end":{"line":174,"column":35}},"49":{"start":{"line":175,"column":2},"end":{"line":175,"column":32}},"50":{"start":{"line":176,"column":2},"end":{"line":176,"column":38}},"51":{"start":{"line":184,"column":2},"end":{"line":208,"column":4}},"52":{"start":{"line":188,"column":4},"end":{"line":194,"column":15}},"53":{"start":{"line":189,"column":6},"end":{"line":189,"column":46}},"54":{"start":{"line":189,"column":33},"end":{"line":189,"column":46}},"55":{"start":{"line":191,"column":6},"end":{"line":191,"column":70}},"56":{"start":{"line":193,"column":6},"end":{"line":193,"column":18}},"57":{"start":{"line":194,"column":8},"end":{"line":194,"column":15}},"58":{"start":{"line":199,"column":4},"end":{"line":205,"column":5}},"59":{"start":{"line":200,"column":6},"end":{"line":202,"column":44}},"60":{"start":{"line":204,"column":6},"end":{"line":204,"column":65}},"61":{"start":{"line":207,"column":4},"end":{"line":207,"column":30}},"62":{"start":{"line":215,"column":2},"end":{"line":256,"column":4}},"63":{"start":{"line":216,"column":4},"end":{"line":216,"column":36}},"64":{"start":{"line":216,"column":13},"end":{"line":216,"column":36}},"65":{"start":{"line":218,"column":4},"end":{"line":218,"column":38}},"66":{"start":{"line":223,"column":4},"end":{"line":234,"column":5}},"67":{"start":{"line":224,"column":6},"end":{"line":224,"column":56}},"68":{"start":{"line":226,"column":6},"end":{"line":226,"column":27}},"69":{"start":{"line":227,"column":6},"end":{"line":233,"column":9}},"70":{"start":{"line":232,"column":8},"end":{"line":232,"column":29}},"71":{"start":{"line":236,"column":4},"end":{"line":236,"column":81}},"72":{"start":{"line":238,"column":4},"end":{"line":255,"column":7}},"73":{"start":{"line":239,"column":6},"end":{"line":242,"column":7}},"74":{"start":{"line":240,"column":8},"end":{"line":240,"column":78}},"75":{"start":{"line":240,"column":17},"end":{"line":240,"column":78}},"76":{"start":{"line":241,"column":8},"end":{"line":241,"column":27}},"77":{"start":{"line":244,"column":6},"end":{"line":247,"column":9}},"78":{"start":{"line":249,"column":6},"end":{"line":251,"column":9}},"79":{"start":{"line":250,"column":8},"end":{"line":250,"column":72}},"80":{"start":{"line":253,"column":6},"end":{"line":253,"column":79}},"81":{"start":{"line":253,"column":19},"end":{"line":253,"column":79}},"82":{"start":{"line":254,"column":6},"end":{"line":254,"column":15}},"83":{"start":{"line":258,"column":2},"end":{"line":258,"column":40}},"84":{"start":{"line":268,"column":0},"end":{"line":312,"column":2}},"85":{"start":{"line":269,"column":2},"end":{"line":272,"column":3}},"86":{"start":{"line":270,"column":4},"end":{"line":270,"column":56}},"87":{"start":{"line":271,"column":4},"end":{"line":271,"column":43}},"88":{"start":{"line":274,"column":2},"end":{"line":274,"column":24}},"89":{"start":{"line":276,"column":2},"end":{"line":311,"column":5}},"90":{"start":{"line":277,"column":4},"end":{"line":277,"column":28}},"91":{"start":{"line":277,"column":13},"end":{"line":277,"column":28}},"92":{"start":{"line":279,"column":4},"end":{"line":283,"column":36}},"93":{"start":{"line":281,"column":10},"end":{"line":281,"column":37}},"94":{"start":{"line":288,"column":4},"end":{"line":305,"column":28}},"95":{"start":{"line":289,"column":6},"end":{"line":289,"column":31}},"96":{"start":{"line":291,"column":6},"end":{"line":298,"column":8}},"97":{"start":{"line":300,"column":6},"end":{"line":302,"column":9}},"98":{"start":{"line":301,"column":8},"end":{"line":301,"column":35}},"99":{"start":{"line":304,"column":6},"end":{"line":304,"column":18}},"100":{"start":{"line":307,"column":4},"end":{"line":307,"column":27}},"101":{"start":{"line":309,"column":4},"end":{"line":309,"column":58}},"102":{"start":{"line":309,"column":26},"end":{"line":309,"column":58}},"103":{"start":{"line":310,"column":4},"end":{"line":310,"column":20}},"104":{"start":{"line":322,"column":0},"end":{"line":359,"column":2}},"105":{"start":{"line":323,"column":2},"end":{"line":324,"column":24}},"106":{"start":{"line":326,"column":2},"end":{"line":329,"column":3}},"107":{"start":{"line":327,"column":4},"end":{"line":327,"column":55}},"108":{"start":{"line":328,"column":4},"end":{"line":328,"column":48}},"109":{"start":{"line":331,"column":2},"end":{"line":358,"column":5}},"110":{"start":{"line":332,"column":4},"end":{"line":332,"column":28}},"111":{"start":{"line":332,"column":13},"end":{"line":332,"column":28}},"112":{"start":{"line":334,"column":4},"end":{"line":335,"column":40}},"113":{"start":{"line":341,"column":4},"end":{"line":345,"column":5}},"114":{"start":{"line":342,"column":6},"end":{"line":342,"column":97}},"115":{"start":{"line":343,"column":6},"end":{"line":343,"column":58}},"116":{"start":{"line":344,"column":6},"end":{"line":344,"column":18}},"117":{"start":{"line":350,"column":4},"end":{"line":350,"column":52}},"118":{"start":{"line":351,"column":4},"end":{"line":353,"column":7}},"119":{"start":{"line":352,"column":6},"end":{"line":352,"column":29}},"120":{"start":{"line":355,"column":4},"end":{"line":355,"column":56}},"121":{"start":{"line":355,"column":26},"end":{"line":355,"column":56}},"122":{"start":{"line":357,"column":4},"end":{"line":357,"column":26}},"123":{"start":{"line":369,"column":0},"end":{"line":443,"column":2}},"124":{"start":{"line":370,"column":2},"end":{"line":373,"column":13}},"125":{"start":{"line":384,"column":2},"end":{"line":396,"column":3}},"126":{"start":{"line":385,"column":4},"end":{"line":386,"column":20}},"127":{"start":{"line":388,"column":4},"end":{"line":393,"column":5}},"128":{"start":{"line":389,"column":6},"end":{"line":389,"column":41}},"129":{"start":{"line":389,"column":35},"end":{"line":389,"column":41}},"130":{"start":{"line":391,"column":6},"end":{"line":391,"column":31}},"131":{"start":{"line":392,"column":6},"end":{"line":392,"column":25}},"132":{"start":{"line":395,"column":4},"end":{"line":395,"column":18}},"133":{"start":{"line":406,"column":2},"end":{"line":419,"column":3}},"134":{"start":{"line":407,"column":4},"end":{"line":407,"column":36}},"135":{"start":{"line":407,"column":23},"end":{"line":407,"column":36}},"136":{"start":{"line":409,"column":4},"end":{"line":418,"column":7}},"137":{"start":{"line":410,"column":6},"end":{"line":410,"column":41}},"138":{"start":{"line":412,"column":6},"end":{"line":412,"column":36}},"139":{"start":{"line":412,"column":23},"end":{"line":412,"column":36}},"140":{"start":{"line":414,"column":6},"end":{"line":414,"column":48}},"141":{"start":{"line":414,"column":36},"end":{"line":414,"column":48}},"142":{"start":{"line":415,"column":6},"end":{"line":415,"column":54}},"143":{"start":{"line":415,"column":42},"end":{"line":415,"column":54}},"144":{"start":{"line":417,"column":6},"end":{"line":417,"column":19}},"145":{"start":{"line":421,"column":2},"end":{"line":437,"column":5}},"146":{"start":{"line":422,"column":4},"end":{"line":422,"column":30}},"147":{"start":{"line":430,"column":4},"end":{"line":432,"column":5}},"148":{"start":{"line":431,"column":6},"end":{"line":431,"column":72}},"149":{"start":{"line":434,"column":4},"end":{"line":434,"column":19}},"150":{"start":{"line":436,"column":4},"end":{"line":436,"column":28}},"151":{"start":{"line":455,"column":0},"end":{"line":473,"column":2}},"152":{"start":{"line":456,"column":2},"end":{"line":456,"column":23}},"153":{"start":{"line":456,"column":12},"end":{"line":456,"column":23}},"154":{"start":{"line":457,"column":2},"end":{"line":457,"column":36}},"155":{"start":{"line":457,"column":25},"end":{"line":457,"column":36}},"156":{"start":{"line":458,"column":2},"end":{"line":458,"column":58}},"157":{"start":{"line":458,"column":47},"end":{"line":458,"column":58}},"158":{"start":{"line":460,"column":2},"end":{"line":470,"column":5}},"159":{"start":{"line":461,"column":4},"end":{"line":461,"column":47}},"160":{"start":{"line":461,"column":40},"end":{"line":461,"column":47}},"161":{"start":{"line":462,"column":4},"end":{"line":464,"column":27}},"162":{"start":{"line":463,"column":6},"end":{"line":463,"column":80}},"163":{"start":{"line":463,"column":73},"end":{"line":463,"column":80}},"164":{"start":{"line":464,"column":18},"end":{"line":464,"column":25}},"165":{"start":{"line":469,"column":4},"end":{"line":469,"column":37}},"166":{"start":{"line":472,"column":2},"end":{"line":472,"column":13}},"167":{"start":{"line":481,"column":0},"end":{"line":483,"column":2}},"168":{"start":{"line":482,"column":2},"end":{"line":482,"column":36}},"169":{"start":{"line":492,"column":0},"end":{"line":497,"column":2}},"170":{"start":{"line":502,"column":0},"end":{"line":502,"column":28}}},"branchMap":{"1":{"line":46,"type":"binary-expr","locations":[{"start":{"line":46,"column":12},"end":{"line":46,"column":19}},{"start":{"line":46,"column":23},"end":{"line":46,"column":25}}]},"2":{"line":48,"type":"cond-expr","locations":[{"start":{"line":49,"column":6},"end":{"line":49,"column":22}},{"start":{"line":50,"column":6},"end":{"line":50,"column":38}}]},"3":{"line":52,"type":"cond-expr","locations":[{"start":{"line":53,"column":6},"end":{"line":53,"column":24}},{"start":{"line":54,"column":6},"end":{"line":54,"column":39}}]},"4":{"line":56,"type":"cond-expr","locations":[{"start":{"line":57,"column":6},"end":{"line":57,"column":22}},{"start":{"line":58,"column":6},"end":{"line":58,"column":10}}]},"5":{"line":60,"type":"cond-expr","locations":[{"start":{"line":61,"column":6},"end":{"line":61,"column":19}},{"start":{"line":62,"column":6},"end":{"line":62,"column":8}}]},"6":{"line":64,"type":"cond-expr","locations":[{"start":{"line":65,"column":6},"end":{"line":65,"column":21}},{"start":{"line":66,"column":6},"end":{"line":66,"column":11}}]},"7":{"line":68,"type":"cond-expr","locations":[{"start":{"line":69,"column":6},"end":{"line":69,"column":22}},{"start":{"line":70,"column":6},"end":{"line":74,"column":4}}]},"8":{"line":71,"type":"binary-expr","locations":[{"start":{"line":71,"column":14},"end":{"line":71,"column":30}},{"start":{"line":71,"column":34},"end":{"line":71,"column":60}}]},"9":{"line":92,"type":"if","locations":[{"start":{"line":92,"column":2},"end":{"line":92,"column":2}},{"start":{"line":92,"column":2},"end":{"line":92,"column":2}}]},"10":{"line":100,"type":"if","locations":[{"start":{"line":100,"column":4},"end":{"line":100,"column":4}},{"start":{"line":100,"column":4},"end":{"line":100,"column":4}}]},"11":{"line":126,"type":"cond-expr","locations":[{"start":{"line":126,"column":35},"end":{"line":126,"column":44}},{"start":{"line":126,"column":47},"end":{"line":126,"column":53}}]},"12":{"line":143,"type":"if","locations":[{"start":{"line":143,"column":6},"end":{"line":143,"column":6}},{"start":{"line":143,"column":6},"end":{"line":143,"column":6}}]},"13":{"line":143,"type":"binary-expr","locations":[{"start":{"line":143,"column":10},"end":{"line":143,"column":25}},{"start":{"line":143,"column":29},"end":{"line":143,"column":54}}]},"14":{"line":144,"type":"if","locations":[{"start":{"line":144,"column":6},"end":{"line":144,"column":6}},{"start":{"line":144,"column":6},"end":{"line":144,"column":6}}]},"15":{"line":150,"type":"binary-expr","locations":[{"start":{"line":150,"column":27},"end":{"line":150,"column":43}},{"start":{"line":150,"column":47},"end":{"line":150,"column":49}}]},"16":{"line":188,"type":"if","locations":[{"start":{"line":188,"column":4},"end":{"line":188,"column":4}},{"start":{"line":188,"column":4},"end":{"line":188,"column":4}}]},"17":{"line":189,"type":"if","locations":[{"start":{"line":189,"column":6},"end":{"line":189,"column":6}},{"start":{"line":189,"column":6},"end":{"line":189,"column":6}}]},"18":{"line":199,"type":"if","locations":[{"start":{"line":199,"column":4},"end":{"line":199,"column":4}},{"start":{"line":199,"column":4},"end":{"line":199,"column":4}}]},"19":{"line":216,"type":"if","locations":[{"start":{"line":216,"column":4},"end":{"line":216,"column":4}},{"start":{"line":216,"column":4},"end":{"line":216,"column":4}}]},"20":{"line":223,"type":"if","locations":[{"start":{"line":223,"column":4},"end":{"line":223,"column":4}},{"start":{"line":223,"column":4},"end":{"line":223,"column":4}}]},"21":{"line":239,"type":"if","locations":[{"start":{"line":239,"column":6},"end":{"line":239,"column":6}},{"start":{"line":239,"column":6},"end":{"line":239,"column":6}}]},"22":{"line":239,"type":"binary-expr","locations":[{"start":{"line":239,"column":10},"end":{"line":239,"column":13}},{"start":{"line":239,"column":17},"end":{"line":239,"column":22}}]},"23":{"line":240,"type":"if","locations":[{"start":{"line":240,"column":8},"end":{"line":240,"column":8}},{"start":{"line":240,"column":8},"end":{"line":240,"column":8}}]},"24":{"line":253,"type":"if","locations":[{"start":{"line":253,"column":6},"end":{"line":253,"column":6}},{"start":{"line":253,"column":6},"end":{"line":253,"column":6}}]},"25":{"line":269,"type":"if","locations":[{"start":{"line":269,"column":2},"end":{"line":269,"column":2}},{"start":{"line":269,"column":2},"end":{"line":269,"column":2}}]},"26":{"line":269,"type":"binary-expr","locations":[{"start":{"line":269,"column":6},"end":{"line":269,"column":16}},{"start":{"line":269,"column":20},"end":{"line":269,"column":38}}]},"27":{"line":277,"type":"if","locations":[{"start":{"line":277,"column":4},"end":{"line":277,"column":4}},{"start":{"line":277,"column":4},"end":{"line":277,"column":4}}]},"28":{"line":309,"type":"if","locations":[{"start":{"line":309,"column":4},"end":{"line":309,"column":4}},{"start":{"line":309,"column":4},"end":{"line":309,"column":4}}]},"29":{"line":326,"type":"if","locations":[{"start":{"line":326,"column":2},"end":{"line":326,"column":2}},{"start":{"line":326,"column":2},"end":{"line":326,"column":2}}]},"30":{"line":326,"type":"binary-expr","locations":[{"start":{"line":326,"column":6},"end":{"line":326,"column":16}},{"start":{"line":326,"column":20},"end":{"line":326,"column":37}}]},"31":{"line":332,"type":"if","locations":[{"start":{"line":332,"column":4},"end":{"line":332,"column":4}},{"start":{"line":332,"column":4},"end":{"line":332,"column":4}}]},"32":{"line":341,"type":"if","locations":[{"start":{"line":341,"column":4},"end":{"line":341,"column":4}},{"start":{"line":341,"column":4},"end":{"line":341,"column":4}}]},"33":{"line":355,"type":"if","locations":[{"start":{"line":355,"column":4},"end":{"line":355,"column":4}},{"start":{"line":355,"column":4},"end":{"line":355,"column":4}}]},"34":{"line":389,"type":"if","locations":[{"start":{"line":389,"column":6},"end":{"line":389,"column":6}},{"start":{"line":389,"column":6},"end":{"line":389,"column":6}}]},"35":{"line":407,"type":"if","locations":[{"start":{"line":407,"column":4},"end":{"line":407,"column":4}},{"start":{"line":407,"column":4},"end":{"line":407,"column":4}}]},"36":{"line":412,"type":"if","locations":[{"start":{"line":412,"column":6},"end":{"line":412,"column":6}},{"start":{"line":412,"column":6},"end":{"line":412,"column":6}}]},"37":{"line":414,"type":"if","locations":[{"start":{"line":414,"column":6},"end":{"line":414,"column":6}},{"start":{"line":414,"column":6},"end":{"line":414,"column":6}}]},"38":{"line":415,"type":"if","locations":[{"start":{"line":415,"column":6},"end":{"line":415,"column":6}},{"start":{"line":415,"column":6},"end":{"line":415,"column":6}}]},"39":{"line":430,"type":"if","locations":[{"start":{"line":430,"column":4},"end":{"line":430,"column":4}},{"start":{"line":430,"column":4},"end":{"line":430,"column":4}}]},"40":{"line":456,"type":"if","locations":[{"start":{"line":456,"column":2},"end":{"line":456,"column":2}},{"start":{"line":456,"column":2},"end":{"line":456,"column":2}}]},"41":{"line":457,"type":"if","locations":[{"start":{"line":457,"column":2},"end":{"line":457,"column":2}},{"start":{"line":457,"column":2},"end":{"line":457,"column":2}}]},"42":{"line":458,"type":"if","locations":[{"start":{"line":458,"column":2},"end":{"line":458,"column":2}},{"start":{"line":458,"column":2},"end":{"line":458,"column":2}}]},"43":{"line":458,"type":"binary-expr","locations":[{"start":{"line":458,"column":6},"end":{"line":458,"column":26}},{"start":{"line":458,"column":30},"end":{"line":458,"column":45}}]},"44":{"line":461,"type":"if","locations":[{"start":{"line":461,"column":4},"end":{"line":461,"column":4}},{"start":{"line":461,"column":4},"end":{"line":461,"column":4}}]},"45":{"line":463,"type":"if","locations":[{"start":{"line":463,"column":6},"end":{"line":463,"column":6}},{"start":{"line":463,"column":6},"end":{"line":463,"column":6}}]}},"code":["'use strict';","","var semver = require('npm-registry/semver')","  , debug = require('debug')('shrinkwrap')","  , Registry = require('npm-registry')","  , Module = require('./module')","  , fuse = require('fusing');","","//","// Variable cache.","//","var toString = Object.prototype.toString;","","/**"," * Ensure that items in the array are unique."," *"," * @param {Mixed} value A value in the array."," * @param {Number} index The index of the item in the array."," * @param {Array} arr Reference to the array we're filtering."," * @returns {Boolean}"," */","function unique(value, index, arr) {","  return arr.indexOf(value) === index;","}","","/**"," * Generate a new Shrinkwrap from a given package or module."," *"," * Options:"," *"," * - registry: URL of the npm registry we should use to read package information."," * - production: Should we only include production packages."," * - limit: Amount of parallel processing tasks we could use to retrieve data."," * - optimize: Should we attempt to optimize the data structure in the same way"," *   that npm would have done it."," * - mirrors: A list of npm mirrors to be used with our registry."," * - githulk: Optional preconfigured GitHulk."," *"," * @constructor"," * @param {Object} options Options."," * @api public"," */","function Shrinkwrap(options) {","  this.fuse();","","  options = options || {};","","  options.registry = 'registry' in options","    ? options.registry","    : 'http://registry.nodejitsu.com/';","","  options.production = 'production' in options","    ? options.production","    : process.NODE_ENV === 'production';","","  options.optimize = 'optimize' in options","    ? options.optimize","    : true;","","  options.limit = 'limit' in options","    ? options.limit","    : 10;","","  options.mirrors = 'mirrors' in options","    ? options.mirrors","    : false;","","  this.registry = 'string' !== typeof options.registry","    ? options.registry","    : new Registry({","    registry: options.registry || Registry.mirrors.nodejitsu,","    githulk: options.githulk,","    mirrors: options.mirrors","  });","","  this.production = options.production;     // Don't include devDependencies.","  this.limit = options.limit;               // Maximum concurrency.","  this.cache = Object.create(null);         // Dependency cache.","}","","fuse(Shrinkwrap, require('eventemitter3'));","","/**"," * No previous package, resolve one for us instead."," *"," * @param {String} name Package name."," * @param {String} range Version range."," * @param {Function} fn The completion callback."," * @api public"," */","Shrinkwrap.prototype.get = function get(name, range, fn) {","  if ('function' === typeof range) {","    fn = range;","    range = 'latest';","  }","","  var shrinkwrap = this;","","  this.registry.packages.release(name, range, function release(err, pkg) {","    if (err) return fn(err);","","    debug('successfully resolved %s@%s', name, range);","    shrinkwrap.resolve(pkg, fn);","  });","};","","/**"," * Get accurate type information for the given JavaScript class."," *"," * @param {Mixed} of The thing who's type class we want to figure out."," * @returns {String} lowercase variant of the name."," * @api private"," */","Shrinkwrap.prototype.type = function type(of) {","  return toString.call(of).slice(8, -1).toLowerCase();","};","","/**"," * Resolve all dependencies and their versions for the given root package."," *"," * @param {Object} pkg  Package data from npm."," * @param {Function} fn Callback"," * @api public"," */","Shrinkwrap.prototype.resolve = function resolve(source, fn) {","  source = Array.isArray(source) ? source[0] : source;","","  var shrinkwrap = this;","","  /**","   * Scan the given package.json like structure for possible dependency","   * locations which will be automatically queued for fetching and processing.","   *","   * @param {Object} packages The packages.json body.","   * @param {Object} ref The location of the new packages in the tree.","   * @param {Number} depth How deep was this package nested","   * @api private","   */","  function queue(packages, ref, depth) {","    packages = shrinkwrap.dedupe(packages);","","    Shrinkwrap.dependencies.forEach(function each(key) {","      if (this.production && 'devDependencies' === key) return;","      if ('object' !== this.type(packages[key])) return;","","      Object.keys(packages[key]).forEach(function each(name) {","        var range = packages[key][name]","          , _id = name +'@'+ range;","","        ref.dependencies = ref.dependencies || {};","        queue.push({","          name
[...]
eue.errors);","","      shrinkwrap.destroy();","      return [","        'data',","        'errors',","        'dependencytree'","      ].forEach(function cleanup(remove) {","        delete queue[remove];","      });","    }","","    debug('processing %s. %s left to process', spec.name, queue.todolist.length);","","    shrinkwrap.release(spec.name, spec.range, function release(err, data, cached) {","      if (err || !data) {","        if (err) debug('failed to resolve %s due to error: ', spec.name, err);","        return worker(err);","      }","","      var clone = queue.dependencytree[spec._id] = data.module.clone({","        parents: spec.parents,","        depth: spec.depth","      });","","      spec.parents.forEach(function each(parent) {","        parent.dependencies[spec.name] = queue.dependencytree[spec._id];","      });","","      if (!cached) queue(data, queue.dependencytree[spec._id], spec.depth + 1);","      worker();","    });","  };","","  queue(source, queue.data, 0).worker();","};","","/**"," * Get all releases for a given module name."," *"," * @param {String} name The name of the module we should get"," * @param {Function} fn Callback"," * @api private"," */","Shrinkwrap.prototype.releases = function releases(name, fn) {","  if (this.cache && name in this.cache) {","    debug('CACHEHIT: Retrieving `%s` from cache', name);","    return fn(undefined, this.cache[name]);","  }","","  var shrinkwrap = this;","","  this.registry.packages.releases(name, function details(err, versions) {","    if (err) return fn(err);","","    var keys = Object.keys(versions)","      , latest = keys.filter(function valid(ver) {","          return !!semver.valid(ver);","        }).sort(semver.rcompare)[0]","      , result = { latest: latest };","","    //","    // Map the data to something smaller as we don't need all the package info.","    //","    result.releases = keys.reduce(function reduce(memo, key) {","      var data = versions[key];","","      memo[key] = {","        released: data.time[key],","        licenses: data.licenses,","        _npmUser: data._npmUser,","        version: data.version,","        name: data.name,","        latest: latest,","      };","","      Shrinkwrap.dependencies.forEach(function (dep) {","        memo[key][dep] = data[dep];","      });","","      return memo;","    }, Object.create(null));","","    result.versions = keys;","","    if (shrinkwrap.cache) shrinkwrap.cache[name] = result;","    fn(err, result);","  });","};","","/**"," * Get a single release."," *"," * @param {String} name The name of the module."," * @param {String} range The version range."," * @param {Function} fn The callback."," * @api private"," */","Shrinkwrap.prototype.release = function release(name, range, fn) {","  var key = name +'@'+ range","    , shrinkwrap = this;","","  if (this.cache && key in this.cache) {","    debug('CACHEHIT: Retrieving `%s` from cache', key);","    return fn(undefined, this.cache[key], true);","  }","","  this.releases(name, function releases(err, result) {","    if (err) return fn(err);","","    var version = semver.maxSatisfying(result.versions, range)","      , data = result.releases[version];","","    //","    // No matching version for the given module. It could be that the user has","    // set the range to git dependency instead.","    //","    if (!data) {","      debug('Couldnt find the matching version %s in the returned releases for %s', range, name);","      debug('Only found: %s', result.versions.join(', '));","      return fn();","    }","","    //","    // Transform to a Module instance.","    //","    var cache = { module: new Module(data, range) };","    Shrinkwrap.dependencies.forEach(function (dep) {","      cache[dep] = data[dep];","    });","","    if (shrinkwrap.cache) shrinkwrap.cache[key] = cache;","","    fn(err, cache, false);","  });","};","","/**"," * Optimize the dependency tree so we're not installing duplicate dependencies"," * in every module when they can be properly resolved by placing it upwards in"," * our dependency tree."," *"," * @param {Object} dependency The dependency that has multiple dependents."," * @api private"," */","Shrinkwrap.prototype.optimize = function optimize(dependency) {","  var dependent = dependency.dependent","    , version = dependency.version","    , name = dependency.name","    , common;","","  /**","   * Find suitable parent nodes which can hold this module without creating","   * a possible conflict because there two different versions of the module in","   * the dependency tree.","   *","   * @param {Object} dependent A dependent of a module.","   * @returns {Array} parents.","   * @api private","   */","  function parent(dependent) {","    var node = dependent","      , result = [];","","    while (node.parent) {","      if (!available(node.parent)) break;","","      result.push(node.parent);","      node = node.parent;","    }","","    return result;","  }","","  /**","   * Checks if the dependency tree does not already contain a different version","   * of this module.","   *","   * @param {Object} dependencies The dependencies of a module.","   * @returns {Boolean} Available as module location.","   * @api private","   */","  function available(dependencies) {","    if (!dependencies) return false;","","    return Object.keys(dependencies).every(function every(key) {","      var dependency = dependencies[key];","","      if (!dependency) return false;","","      if (dependency.name !== name) return true;","      if (dependency.version === version) return true;","","      return false;","    });","  }","","  var parents = dependent.map(function (dep) {","    var parents = parent(dep);","","    //","    // No parents, this means we cannot move this module to a new location as it","    // will most likely conflict with other version. The only solution is to","    // keep it as duplicate as it's own dependencies. The way to do this is to","    // remove out of","    //","    if (!parents.length) {","      dependency.dependent.splice(dependency.dependent.indexOf(dep), 1);","    }","","    return parents;","  }).filter(function filter(results) {","    return !!results.length;","  });","","  //","  // Detect if all parents have a common root element where we can optimize the","  // module to.","  //","};","","/**"," * It could be that a package has dependency added as devDependency as well as"," * a regular dependency. We want to make sure that we don't filter out this"," * dependency when we're resolving packages so we're going to remove it from the"," * devDependencies if they are exactly the same."," *"," * @param {Object} pkg The package."," * @returns {Object} The package."," * @api private"," */","Shrinkwrap.prototype.dedupe = function dedupe(pkg) {","  if (!pkg) return pkg;","  if (!pkg.dependencies) return pkg;","  if (!pkg.devDependencies || this.production) return pkg;","","  Object.keys(pkg.dependencies).forEach(function searchanddestroy(name) {","    if (!(name in pkg.devDependencies)) return;","    try {","      if (!semver.eq(pkg.devDependencies[name], pkg.dependencies[name])) return;","    } catch (e) { return; }","","    //","    // Only remove when we have an exact match on the version number.","    //","    delete pkg.devDependencies[name];","  });","","  return pkg;","};","","/**"," * Clean up any cache of data structures that we might have had laying around."," * Making this instance ready for garbage collection."," *"," * @public"," */","Shrinkwrap.prototype.destroy = function destroy() {","  this.registry = this.cache = null;","};","","/**"," * The various of locations where dependencies for a given module can be"," * defined."," *"," * @type {Array}"," * @private"," */","Shrinkwrap.dependencies = [","  'dependencies',","  'devDependencies',","  'peerDependencies',","  'optionalDependencies'","];","","//","// Expose the module interface.","//","module.exports = Shrinkwrap;",""],"l":{"3":1,"12":1,"22":1,"23":0,"43":1,"44":0,"46":0,"48":0,"52":0,"56":0,"60":0,"64":0,"68":0,"76":0,"77":0,"78":0,"81":1,"91":1,"92":0,"93":0,"94":0,"97":0,"99":0,"100":0,"102":0,"103":0,"114":1,"115":0,"125":1,"126":0,"128":0,"139":1,"140":0,"142":0,"143":0,"144":0,"146":0,"147":0,"150":0,"151":0,"161":0,"167":0,"168":0,"169":0,"174":0,"175":0,"176":0,"184":0,"188":0,"189":0,"191":0,"193":0,"194":0,"199":0,"200":0,"204":0,"207":0,"215":0,"216":0,"218":0,"223":0,"224":0,"226":0,"227":0,"232":0,"236":0,"238":0,"239":0,"240":0,"241":0,"244":0,"249":0,"250":0,"253":0,"254":0,"258":0,"268":1,"269":0,"270":0,"271":0,"274":0,"276":0,"277":0,"279":0,"281":0,"288":0,"289":0,"291":0,"300":0,"301":0,"304":0,"307":0,"309":0,"310":0,"322":1,"323":0,"326":0,"327":0,"328":0,"331":0,"332":0,"334":0,"341":0,"342":0,"343":0,"344":0,"350":0,"351":0,"352":0,"355":0,"357":0,"369":1,"370":0,"384":1,"385":0,"388":0,"389":0,"391":0,"392":0,"395":0,"406":1,"407":0,"409":0,"410":0,"412":0,"414":0,"415":0,"417":0,"421":0,"422":0,"430":0,"431":0,"434":0,"436":0,"455":1,"456":0,"457":0,"458":0,"460":0,"461":0,"462":0,"463":0,"464":0,"469":0,"472":0,"481":1,"482":0,"492":1,"502":1}},"/home/travis/build/npmtest/node-npmtest-shrinkwrap/node_modules/shrinkwrap/module.js":{"path":"/home/travis/build/npmtest/node-npmtest-shrinkwrap/node_modules/shrinkwrap/module.js","s":{"1":1,"2":1,"3":0,"4":0,"5":0,"6":0,"7":0,"8":0,"9":0,"10":0,"11":0,"12":0,"13":0,"14":1,"15":0,"16":1,"17":0,"18":0,"19":0,"20":0,"21":0,"22":0,"23":1,"24":0,"25":0,"26":0,"27":0,"28":0,"29":1,"30":0,"31":0,"32":1},"b":{"1":[0,0],"2":[0,0],"3":[0,0],"4":[0,0],"5":[0,0],"6":[0,0],"7":[0,0],"8":[0,0,0]},"f":{"1":0,"2":0,"3":0,"4":0,"5":0,"6":0,"7":0},"fnMap":{"1":{"name":"Module","line":14,"loc":{"start":{"line":14,"column":0},"end":{"line":14,"column":36}}},"2":{"name":"get","line":33,"loc":{"start":{"line":33,"column":7},"end":{"line":33,"column":22}}},"3":{"name":"get","line":43,"loc":{"start":{"line":43,"column":7},"end":{"line":43,"column":22}}},"4":{"name":"clone","line":60,"loc":{"start":{"line":60,"column":25},"end":{"line":60,"column":46}}},"5":{"name":"each","line":70,"loc":{"start":{"line":70,"column":38},"end":{"line":70,"column":58}}},"6":{"name":"toJSON","line":84,"loc":{"start":{"line":84,"column":26},"end":{"line":84,"column":44}}},"7":{"name":"map","line":98,"loc":{"start":{"line":98,"column":56},"end":{"line":98,"column":77}}}},"statementMap":{"1":{"start":{"line":3,"column":0},"end":{"line":3,"column":44}},"2":{"start":{"line":14,"column":0},"end":{"line":26,"column":1}},"3":{"start":{"line":15,"column":2},"end":{"line":15,"column":35}},"4":{"start":{"line":16,"column":2},"end":{"line":16,"column":32}},"5":{"start":{"line":17,"column":2},"end":{"line":17,"column":32}},"6":{"start":{"line":18,"column":2},"end":{"line":18,"column":30}},"7":{"start":{"line":19,"column":2},"end":{"line":19,"column":36}},"8":{"start":{"line":20,"column":2},"end":{"line":20,"column":28}},"9":{"start":{"line":21,"column":2},"end":{"line":21,"column":24}},"10":{"start":{"line":22,"column":2},"end":{"line":22,"column":24}},"11":{"start":{"line":23,"column":2},"end":{"line":23,"column":20}},"12":{"start":{"line":24,"column":2},"end":{"line":24,"column":22}},"13":{"start":{"line":25,"column":2},"end":{"line":25,"column":21}},"14":{"start":{"line":31,"column":0},"end":{"line":36,"column":3}},"15":{"start":{"line":34,"column":4},"end":{"line":34,"column":40}},"16":{"start":{"line":41,"column":0},"end":{"line":51,"column":3}},"17":{"start":{"line":44,"column":4},"end":{"line":44,"column":68}},"18":{"start":{"line":44,"column":55},"end":{"line":44,"column":68}},"19":{"start":{"line":46,"column":4},"end":{"line":46,"column":52}},"20":{"start":{"line":48,"column":4},"end":{"line":48,"column":57}},"21":{"start":{"line":48,"column":44},"end":{"line":48,"column":57}},"22":{"start":{"line":49,"column":4},"end":{"line":49,"column":16}},"23":{"start":{"line":60,"column":0},"end":{"line":75,"column":2}},"24":{"start":{"line":61,"column":2},"end":{"line":68,"column":32}},"25":{"start":{"line":70,"column":2},"end":{"line":72,"column":5}},"26":{"start":{"line":70,"column":12},"end":{"line":72,"column":5}},"27":{"start":{"line":71,"column":4},"end":{"line":71,"column":30}},"28":{"start":{"line":74,"column":2},"end":{"line":74,"column":16}},"29":{"start":{"line":84,"column":0},"end":{"line":102,"column":2}},"30":{"start":{"line":85,"column":2},"end":{"line":101,"column":4}},"31":{"start":{"line":99,"column":6},"end":{"line":99,"column":46}},"32":{"start":{"line":107,"column":0},"end":{"line":107,"column":24}}},"branchMap":{"1":{"line":19,"type":"binary-expr","locations":[{"start":{"line":19,"column":16},"end":{"line":19,"column":29}},{"start":{"line":19,"column":33},"end":{"line":19,"column":35}}]},"2":{"line":44,"type":"if","locations":[{"start":{"line":44,"column":4},"end":{"line":44,"column":4}},{"start":{"line":44,"column":4},"end":{"line":44,"column":4}}]},"3":{"line":44,"type":"binary-expr","locations":[{"start":{"line":44,"column":8},"end":{"line":44,"column":26}},{"start":{"line":44,"column":30},"end":{"line":44,"column":53}}]},"4":{"line":48,"type":"if","locations":[{"start":{"line":48,"column":4},"end":{"line":48,"column":4}},{"start":{"line":48,"column":4},"end":{"line":48,"column":4}}]},"5":{"line":48,"type":"binary-expr","locations":[{"start":{"line":48,"column":8},"end":{"line":48,"column":13}},{"start":{"line":48,"column":17},"end":{"line":48,"column":42}}]},"6":{"line":62,"type":"binary-expr","locations":[{"start":{"line":62,"column":40},"end":{"line":62,"column":51}},{"start":{"line":62,"column":55},"end":{"line":62,"column":57}}]},"7":{"line":70,"type":"if","locations":[{"start":{"line":70,"column":2},"end":{"line":70,"column":2}},{"start":{"line":70,"column":2},"end":{"line":70,"column":2}}]},"8":{"line":98,"type":"binary-expr","locations":[{"start":{"line":98,"column":14},"end":{"line":98,"column":26}},{"start":{"line":98,"column":30},"end":{"line":98,"column":44}},{"start":{"line":98,"column":48},"end":{"line":98,"column":50}}]}},"code":["'use strict';","","var semver = require('npm-registry/semver');","","/**"," * The representation of a single module."," *"," * @constructor"," * @param {Object} data The module data."," * @param {String} range The semver range used to get this version."," * @param {Number} depth How deeply nested was this module."," * @api private"," */","function Module(data, range, depth) {","  this._id = data.name +'@'+ range;     // An unique id that identifies this module.","  this.released = data.released;        // The date this version go released.","  this.licenses = data.licenses;        // The licensing.","  this.version = data.version;          // The version of the module.","  this.author = data._npmUser || {};    // Author of the release.","  this.latest = data.latest;            // What the latest version is of the module.","  this.required = range;                // Which range we required to find this module.","  this.name = data.name;                // The name of the module.","  this.parents = [];                    // Modules that depend on this version.","  this.dependent = [];                  // Modules that depend on this version.","  this.depth = depth;                   // The depth of the dependency nesting.","}","","//","// Is this dependency up to date.","//","Object.defineProperty(Module.prototype, 'uptodate', {","  enumerable: false,","  get: function get() {","    return this.version === this.latest;","  }","});","","//","// Check if the give range is pinned.","//","Object.defineProperty(Module.prototype, 'pinned', {","  enumerable: false,","  get: function get() {","    if (this.range === '*' || this.range === 'latest') return false;","","    var range = semver.validRange(this.range, true);","","    if (range && range.indexOf('>=') === 0) return false;","    return true;","  }","});","","/**"," * Create a clone of the module."," *"," * @param {Object} data Data that should be merged with the clone."," * @returns {Module} New Module instance"," * @api public"," */","Module.prototype.clone = function clone(data) {","  var module = new Module({","    _npmUser: JSON.parse(JSON.stringify(this.author || {})),","    released: this.released,","    licenses: this.licenses,","    version: this.version,","    latest: this.latest,","    name: this.name","  }, this.required, this.depth);","","  if (data) Object.keys(data).forEach(function each(prop) {","    module[prop] = data[prop];","  });","","  return module;","};","","/**"," * Transform the instance to a valid object which will be returned for"," * a JSON.stringify."," *"," * @returns {Object}"," * @api public"," */","Module.prototype.toJSON = function toJSON() {","  return {","    uptodate: this.uptodate,","    required: this.required,","    released: this.released,","    licenses: this.licenses,","    version: this.version,","    pinned: this.pinned,","    author: this.author,","    latest: this.latest,","    depth: this.depth,","    name: this.name,","    _id: this._id,","","    parents: (this.parents || this.dependent || []).map(function map(parent) {","      return parent.name +'@'+ parent.version;","    })","  };","};","","//","// Expose the Module.","//","module.exports = Module;",""],"l":{"3":1,"14":1,"15":0,"16":0,"17":0,"18":0,"19":0,"20":0,"21":0,"22":0,"23":0,"24":0,"25":0,"31":1,"34":0,"41":1,"44":0,"46":0,"48":0,"49":0,"60":1,"61":0,"70":0,"71":0,"74":0,"84":1,"85":0,"99":0,"107":1}},"/home/travis/build/npmtest/node-npmtest-shrinkwrap/node_modules/shrinkwrap/version.js":{"path":"/home/travis/build/npmtest/node-npmtest-shrinkwrap/node_modules/shrinkwrap/version.js","s":{"1":1,"2":1,"3":0,"4":1,"5":0,"6":1,"7":0,"8":1,"9":0,"10":1},"b":{},"f":{"1":0,"2":0,"3":0,"4":0},"fnMap":{"1":{"name":"Version","line":12,"loc":{"start":{"line":12,"column":0},"end":{"line":12,"column":25}}},"2":{"name":"gt","line":23,"loc":{"start":{"line":23,"column":23},"end":{"line":23,"column":44}}},"3":{"name":"lt","line":34,"loc":{"start":{"line":34,"column":23},"end":{"line":34,"column":43}}},"4":{"name":"toString","line":43,"loc":{"start":{"line":43,"column":29},"end":{"line":43,"column":49}}}},"statementMap":{"1":{"start":{"line":3,"column":0},"end":{"line":3,"column":44}},"2":{"start":{"line":12,"column":0},"end":{"line":14,"column":1}},"3":{"start":{"line":13,"column":2},"end":{"line":13,"column":23}},"4":{"start":{"line":23,"column":0},"end":{"line":25,"column":2}},"5":{"start":{"line":24,"column":2},"end":{"line":24,"column":41}},"6":{"start":{"line":34,"column":0},"end":{"line":36,"column":2}},"7":{"start":{"line":35,"column":2},"end":{"line":35,"column":40}},"8":{"start":{"line":43,"column":0},"end":{"line":45,"column":2}},"9":{"start":{"line":44,"column":2},"end":{"line":44,"column":21}},"10":{"start":{"line":50,"column":0},"end":{"line":50,"column":25}}},"branchMap":{},"code":["'use strict';","","var semver = require('npm-registry/semver');","","/**"," * A simple representation of a module's version number."," *"," * @constructor"," * @param {String} number The version number."," * @api public"," */","function Version(number) {","  this.number = number;","}","","/**"," * Check if the version number is greater then the given `version`."," *"," * @param {String} version Version number."," * @returns {Boolean}"," * @api public"," */","Version.prototype.gt = function gt(version) {","  return semver.gt(this.number, version);","};","","/**"," * Check if the version number is less then the given `version`."," *"," * @param {String} version Version number."," * @returns {Boolean}"," * @api public"," */","Version.prototype.lt = function lt(number) {","  return semver.lt(this.number, number);","};","","/**"," * String representation of the current version number."," *"," * @api private"," */","Version.prototype.toString = function toString() {","  return this.number;","};","","//","// Expose the module.","//","module.exports = Version;",""],"l":{"3":1,"12":1,"13":0,"23":1,"24":0,"34":1,"35":0,"43":1,"44":0,"50":1}}}